2025-08-23 08:53:45,254 - INFO - Using device: cpu
2025-08-23 08:53:45,254 - INFO - Starting noise combination experiment with subject-based splitting...
2025-08-23 08:53:45,254 - INFO - Testing combinations of train and test noise types
2025-08-23 08:53:45,254 - INFO - Ensuring no subject overlap between train and test sets
2025-08-23 08:53:45,254 - INFO - Starting noise combination experiment...
2025-08-23 08:53:45,254 - INFO - 
============================================================
2025-08-23 08:53:45,254 - INFO - Experiment: test_original_train_combined
2025-08-23 08:53:45,254 - INFO - Train noise types: ['original', 'gaussian_noise_light']
2025-08-23 08:53:45,254 - INFO - Test noise type: original
2025-08-23 08:53:45,254 - INFO - ============================================================
2025-08-23 08:53:45,254 - INFO - Starting cross-validation for noise combination (3-way split):
2025-08-23 08:53:45,254 - INFO -   Train noise types: ['original', 'gaussian_noise_light']
2025-08-23 08:53:45,254 - INFO -   Test noise type: original
2025-08-23 08:53:48,465 - INFO - File cache check - Cached subjects: 434, Current subjects: 434
2025-08-23 08:53:48,465 - INFO - ✓ Loading subject splits from cache: subject_splits_common.json
2025-08-23 08:53:48,465 - INFO - Subject-level 3-way split: 260 train, 87 validation, 87 test subjects
2025-08-23 08:53:48,465 - INFO - Train subjects: ['@ID:\teng|Pitt|PAR|48;|female|Control||Participant|29||', '@ID:\teng|Pitt|PAR|48;|female|Control||Participant|30||', '@ID:\teng|Pitt|PAR|49;|female|Control||Participant|30||', '@ID:\teng|Pitt|PAR|50;|female|Control||Participant|30||', '@ID:\teng|Pitt|PAR|50;|male|Control||Participant|29||', '@ID:\teng|Pitt|PAR|50;|male|Control||Participant|30||', '@ID:\teng|Pitt|PAR|51;|female|Control||Participant|29||', '@ID:\teng|Pitt|PAR|51;|male|Control||Participant|28||', '@ID:\teng|Pitt|PAR|51;|male|Control||Participant|30||', '@ID:\teng|Pitt|PAR|52;|female|Control||Participant|30||', '@ID:\teng|Pitt|PAR|52;|male|Control||Participant|30||', '@ID:\teng|Pitt|PAR|53;00.|female|Control||Participant|||', '@ID:\teng|Pitt|PAR|54;|female|Control||Participant|29||', '@ID:\teng|Pitt|PAR|54;|female|Control||Participant|30||', '@ID:\teng|Pitt|PAR|54;|male|Control||Participant|28||', '@ID:\teng|Pitt|PAR|55;|female|Control||Participant|30||', '@ID:\teng|Pitt|PAR|55;|female|ProbableAD||Participant|20||', '@ID:\teng|Pitt|PAR|55;|female|ProbableAD||Participant|29||', '@ID:\teng|Pitt|PAR|56;|female|Control||Participant|30||', '@ID:\teng|Pitt|PAR|56;|female|ProbableAD||Participant|19||', '@ID:\teng|Pitt|PAR|56;|female|ProbableAD||Participant|24||', '@ID:\teng|Pitt|PAR|56;|male|Control||Participant|28||', '@ID:\teng|Pitt|PAR|56;|male|ProbableAD||Participant|18||', '@ID:\teng|Pitt|PAR|57;00.|female|Control||Participant|||', '@ID:\teng|Pitt|PAR|57;|female|Control||Participant|28||', '@ID:\teng|Pitt|PAR|57;|female|MCI||Participant|29||', '@ID:\teng|Pitt|PAR|57;|female|ProbableAD||Participant|13||', '@ID:\teng|Pitt|PAR|57;|female|ProbableAD||Participant|20||', '@ID:\teng|Pitt|PAR|57;|male|Control||Participant|30||', '@ID:\teng|Pitt|PAR|58;00.|female|Control||Participant|||', '@ID:\teng|Pitt|PAR|58;|female|Control||Participant|30||', '@ID:\teng|Pitt|PAR|58;|male|Control||Participant|27||', '@ID:\teng|Pitt|PAR|58;|male|Control||Participant|28||', '@ID:\teng|Pitt|PAR|58;|male|ProbableAD||Participant|20||', '@ID:\teng|Pitt|PAR|59;00.|female|Control||Participant|||', '@ID:\teng|Pitt|PAR|59;00.|male|Control||Participant|||', '@ID:\teng|Pitt|PAR|59;|female|Control||Participant|30||', '@ID:\teng|Pitt|PAR|59;|female|MCI||Participant|29||', '@ID:\teng|Pitt|PAR|59;|female|ProbableAD||Participant|16||', '@ID:\teng|Pitt|PAR|59;|male|ProbableAD||Participant|11||', '@ID:\teng|Pitt|PAR|59;|male|ProbableAD||Participant|8||', '@ID:\teng|Pitt|PAR|60;00.|male|Control||Participant|||', '@ID:\teng|Pitt|PAR|60;|female|Control||Participant|30||', '@ID:\teng|Pitt|PAR|60;|female|ProbableAD||Participant|12||', '@ID:\teng|Pitt|PAR|60;|female|ProbableAD||Participant|18||', '@ID:\teng|Pitt|PAR|61;00.|male|Control||Participant|29||', '@ID:\teng|Pitt|PAR|61;|female|Control||Participant|28||', '@ID:\teng|Pitt|PAR|61;|female|Control||Participant|29||', '@ID:\teng|Pitt|PAR|61;|female|ProbableAD||Participant|18||', '@ID:\teng|Pitt|PAR|61;|female|ProbableAD||Participant|23||', '@ID:\teng|Pitt|PAR|61;|male|ProbableAD||Participant|13||', '@ID:\teng|Pitt|PAR|62;00.|female|Control||Participant|||', '@ID:\teng|Pitt|PAR|62;|female|Control||Participant|30||', '@ID:\teng|Pitt|PAR|62;|female|ProbableAD||Participant|12||', '@ID:\teng|Pitt|PAR|62;|male|Control||Participant|28||', '@ID:\teng|Pitt|PAR|62;|male|ProbableAD||Participant|17||', '@ID:\teng|Pitt|PAR|62;|male|ProbableAD||Participant|22||', '@ID:\teng|Pitt|PAR|63;|female|Control||Participant|30||', '@ID:\teng|Pitt|PAR|63;|female|ProbableAD||Participant|20||', '@ID:\teng|Pitt|PAR|63;|female|ProbableAD||Participant|23||', '@ID:\teng|Pitt|PAR|63;|male|MCI||Participant|26||', '@ID:\teng|Pitt|PAR|63;|male|MCI||Participant|29||', '@ID:\teng|Pitt|PAR|63;|male|ProbableAD||Participant|23||', '@ID:\teng|Pitt|PAR|63;|male|ProbableAD||Participant|27||', '@ID:\teng|Pitt|PAR|64;|female|Control||Participant|27||', '@ID:\teng|Pitt|PAR|64;|female|Control||Participant|30||', '@ID:\teng|Pitt|PAR|64;|female|PossibleAD||Participant|23||', '@ID:\teng|Pitt|PAR|64;|female|ProbableAD||Participant|20||', '@ID:\teng|Pitt|PAR|64;|female|ProbableAD||Participant|22||', '@ID:\teng|Pitt|PAR|64;|male|Control||Participant|29||', '@ID:\teng|Pitt|PAR|64;|male|Control||Participant|30||', '@ID:\teng|Pitt|PAR|64;|male|MCI||Participant|27||', '@ID:\teng|Pitt|PAR|64;|male|ProbableAD||Participant|15||', '@ID:\teng|Pitt|PAR|64;|male|ProbableAD||Participant|17||', '@ID:\teng|Pitt|PAR|64;|male|ProbableAD||Participant|25||', '@ID:\teng|Pitt|PAR|65;00.|male|Control||Participant|||', '@ID:\teng|Pitt|PAR|65;|female|Control||Participant|28||', '@ID:\teng|Pitt|PAR|65;|female|Control||Participant|29||', '@ID:\teng|Pitt|PAR|65;|female|ProbableAD||Participant|19||', '@ID:\teng|Pitt|PAR|65;|female|ProbableAD||Participant|20||', '@ID:\teng|Pitt|PAR|65;|female|ProbableAD||Participant|24||', '@ID:\teng|Pitt|PAR|65;|male|Control||Participant|29||', '@ID:\teng|Pitt|PAR|65;|male|Control||Participant|30||', '@ID:\teng|Pitt|PAR|65;|male|MCI||Participant|25||', '@ID:\teng|Pitt|PAR|65;|male|ProbableAD||Participant|28||', '@ID:\teng|Pitt|PAR|66;00.|female|Control||Participant|||', '@ID:\teng|Pitt|PAR|66;00.|male|Control||Participant|30||', '@ID:\teng|Pitt|PAR|66;00.|male|ProbableAD||Participant|||', '@ID:\teng|Pitt|PAR|66;|female|Control||Participant|29||', '@ID:\teng|Pitt|PAR|66;|female|Control||Participant|30||', '@ID:\teng|Pitt|PAR|66;|female|ProbableAD||Participant|1||', '@ID:\teng|Pitt|PAR|66;|female|ProbableAD||Participant|20||', '@ID:\teng|Pitt|PAR|66;|female|ProbableAD||Participant|23||', '@ID:\teng|Pitt|PAR|66;|male|ProbableAD||Participant|11||', '@ID:\teng|Pitt|PAR|66;|male|ProbableAD||Participant|20||', '@ID:\teng|Pitt|PAR|66;|male|Vascular||Participant|16||', '@ID:\teng|Pitt|PAR|67;00.|male|Control||Participant|||', '@ID:\teng|Pitt|PAR|67;00.|male|MCI||Participant|||', '@ID:\teng|Pitt|PAR|67;|female|Control||Participant|28||', '@ID:\teng|Pitt|PAR|67;|female|MCI||Participant|26||', '@ID:\teng|Pitt|PAR|67;|female|ProbableAD||Participant|20||', '@ID:\teng|Pitt|PAR|67;|female|ProbableAD||Participant|23||', '@ID:\teng|Pitt|PAR|67;|male|Control||Participant|27||', '@ID:\teng|Pitt|PAR|67;|male|Control||Participant|30||', '@ID:\teng|Pitt|PAR|67;|male|MCI||Participant|27||', '@ID:\teng|Pitt|PAR|67;|male|ProbableAD||Participant|21||', '@ID:\teng|Pitt|PAR|68;00.|male|Control||Participant|29||', '@ID:\teng|Pitt|PAR|68;00.|male|Control||Participant|||', '@ID:\teng|Pitt|PAR|68;|female|Control||Participant|29||', '@ID:\teng|Pitt|PAR|68;|female|Control||Participant|30||', '@ID:\teng|Pitt|PAR|68;|female|ProbableAD||Participant|12||', '@ID:\teng|Pitt|PAR|68;|female|ProbableAD||Participant|15||', '@ID:\teng|Pitt|PAR|68;|female|ProbableAD||Participant|19||', '@ID:\teng|Pitt|PAR|68;|female|ProbableAD||Participant|25||', '@ID:\teng|Pitt|PAR|68;|male|Control||Participant|29||', '@ID:\teng|Pitt|PAR|68;|male|Control||Participant|30||', '@ID:\teng|Pitt|PAR|68;|male|ProbableAD||Participant|21||', '@ID:\teng|Pitt|PAR|68;|male|ProbableAD||Participant|26||', '@ID:\teng|Pitt|PAR|69;|female|Control||Participant|29||', '@ID:\teng|Pitt|PAR|69;|female|Control||Participant|30||', '@ID:\teng|Pitt|PAR|69;|female|ProbableAD||Participant|15||', '@ID:\teng|Pitt|PAR|69;|female|ProbableAD||Participant|19||', '@ID:\teng|Pitt|PAR|69;|female|ProbableAD||Participant|20||', '@ID:\teng|Pitt|PAR|69;|male|Control||Participant|28||', '@ID:\teng|Pitt|PAR|69;|male|Control||Participant|30||', '@ID:\teng|Pitt|PAR|69;|male|PossibleAD||Participant|27||', '@ID:\teng|Pitt|PAR|69;|male|ProbableAD||Participant|26||', '@ID:\teng|Pitt|PAR|70;00.|female|ProbableAD||Participant|||', '@ID:\teng|Pitt|PAR|70;00.|male|MCI||Participant|||', '@ID:\teng|Pitt|PAR|70;|female|Control||Participant|30||', '@ID:\teng|Pitt|PAR|70;|female|MCI||Participant|26||', '@ID:\teng|Pitt|PAR|70;|female|PossibleAD||Participant|12||', '@ID:\teng|Pitt|PAR|70;|female|ProbableAD||Participant|12||', '@ID:\teng|Pitt|PAR|70;|female|ProbableAD||Participant|20||', '@ID:\teng|Pitt|PAR|70;|female|ProbableAD||Participant|7||', '@ID:\teng|Pitt|PAR|70;|male|ProbableAD||Participant|23||', '@ID:\teng|Pitt|PAR|70;|male|ProbableAD||Participant|25||', '@ID:\teng|Pitt|PAR|71;00.|female|Control||Participant|||', '@ID:\teng|Pitt|PAR|71;|female|Control||Participant|29||', '@ID:\teng|Pitt|PAR|71;|female|MCI||Participant|26||', '@ID:\teng|Pitt|PAR|71;|female|ProbableAD||Participant|12||', '@ID:\teng|Pitt|PAR|71;|female|ProbableAD||Participant|5||', '@ID:\teng|Pitt|PAR|71;|male|Control||Participant|28||', '@ID:\teng|Pitt|PAR|71;|male|Control||Participant|30||', '@ID:\teng|Pitt|PAR|71;|male|ProbableAD||Participant|23||', '@ID:\teng|Pitt|PAR|72;00.|female|Control||Participant|||', '@ID:\teng|Pitt|PAR|72;00.|female|ProbableAD||Participant|||', '@ID:\teng|Pitt|PAR|72;|female|Control||Participant|27||', '@ID:\teng|Pitt|PAR|72;|female|Control||Participant|29||', '@ID:\teng|Pitt|PAR|72;|female|Control||Participant|30||', '@ID:\teng|Pitt|PAR|72;|female|ProbableAD||Participant|19||', '@ID:\teng|Pitt|PAR|72;|female|ProbableAD||Participant|20||', '@ID:\teng|Pitt|PAR|72;|female|ProbableAD||Participant|21||', '@ID:\teng|Pitt|PAR|72;|male|Control||Participant|||', '@ID:\teng|Pitt|PAR|72;|male|MCI||Participant|30||', '@ID:\teng|Pitt|PAR|72;|male|ProbableAD||Participant|13||', '@ID:\teng|Pitt|PAR|73;00.|female|Control||Participant|||', '@ID:\teng|Pitt|PAR|73;00.|male|Control||Participant|||', '@ID:\teng|Pitt|PAR|73;00.|male|MCI||Participant|||', '@ID:\teng|Pitt|PAR|73;|female|Control||Participant|24||', '@ID:\teng|Pitt|PAR|73;|female|Control||Participant|29||', '@ID:\teng|Pitt|PAR|73;|female|Control||Participant|30||', '@ID:\teng|Pitt|PAR|73;|female|ProbableAD||Participant|13||', '@ID:\teng|Pitt|PAR|73;|female|ProbableAD||Participant|16||', '@ID:\teng|Pitt|PAR|73;|female|ProbableAD||Participant|18||', '@ID:\teng|Pitt|PAR|73;|female|ProbableAD||Participant|21||', '@ID:\teng|Pitt|PAR|73;|female|ProbableAD||Participant|22||', '@ID:\teng|Pitt|PAR|73;|male|Control||Participant|28||', '@ID:\teng|Pitt|PAR|73;|male|PossibleAD||Participant|29||', '@ID:\teng|Pitt|PAR|73;|male|ProbableAD||Participant|13||', '@ID:\teng|Pitt|PAR|73;|male|ProbableAD||Participant|14||', '@ID:\teng|Pitt|PAR|74;00.|female|Control||Participant|||', '@ID:\teng|Pitt|PAR|74;00.|male|Control||Participant|||', '@ID:\teng|Pitt|PAR|74;00.|male|MCI||Participant|||', '@ID:\teng|Pitt|PAR|74;|female|Control||Participant|27||', '@ID:\teng|Pitt|PAR|74;|female|Control||Participant|30||', '@ID:\teng|Pitt|PAR|74;|female|ProbableAD||Participant|10||', '@ID:\teng|Pitt|PAR|74;|female|ProbableAD||Participant|15||', '@ID:\teng|Pitt|PAR|74;|male|Control||Participant|29||', '@ID:\teng|Pitt|PAR|74;|male|Control||Participant|30||', '@ID:\teng|Pitt|PAR|74;|male|ProbableAD||Participant|10||', '@ID:\teng|Pitt|PAR|74;|male|ProbableAD||Participant|17||', '@ID:\teng|Pitt|PAR|74;|male|Vascular||Participant|14||', '@ID:\teng|Pitt|PAR|75;00.|female|ProbableAD||Participant|||', '@ID:\teng|Pitt|PAR|75;|female|MCI||Participant|29||', '@ID:\teng|Pitt|PAR|75;|female|PossibleAD||Participant|10||', '@ID:\teng|Pitt|PAR|75;|female|ProbableAD||Participant|15||', '@ID:\teng|Pitt|PAR|75;|female|ProbableAD||Participant|16||', '@ID:\teng|Pitt|PAR|75;|female|ProbableAD||Participant|17||', '@ID:\teng|Pitt|PAR|75;|female|ProbableAD||Participant|22||', '@ID:\teng|Pitt|PAR|75;|male|Control||Participant|29||', '@ID:\teng|Pitt|PAR|75;|male|Control||Participant|30||', '@ID:\teng|Pitt|PAR|75;|male|ProbableAD||Participant|16||', '@ID:\teng|Pitt|PAR|76;00.|female|ProbableAD||Participant|||', '@ID:\teng|Pitt|PAR|76;00.|male|Control||Participant|||', '@ID:\teng|Pitt|PAR|76;|female|MCI||Participant|27||', '@ID:\teng|Pitt|PAR|76;|female|ProbableAD||Participant|16||', '@ID:\teng|Pitt|PAR|76;|male|ProbableAD||Participant|25||', '@ID:\teng|Pitt|PAR|77;|female|Control||Participant|29||', '@ID:\teng|Pitt|PAR|77;|female|ProbableAD||Participant|10||', '@ID:\teng|Pitt|PAR|77;|female|ProbableAD||Participant|24||', '@ID:\teng|Pitt|PAR|77;|male|Control||Participant|29||', '@ID:\teng|Pitt|PAR|77;|male|MCI||Participant|29||', '@ID:\teng|Pitt|PAR|77;|male|Memory||Participant|28||', '@ID:\teng|Pitt|PAR|77;|male|ProbableAD||Participant|14||', '@ID:\teng|Pitt|PAR|77;|male|ProbableAD||Participant|20||', '@ID:\teng|Pitt|PAR|77;|male|ProbableAD||Participant|22||', '@ID:\teng|Pitt|PAR|78;00.|male|ProbableAD||Participant|||', '@ID:\teng|Pitt|PAR|78;|female|Control||Participant|28||', '@ID:\teng|Pitt|PAR|78;|female|Control||Participant|30||', '@ID:\teng|Pitt|PAR|78;|female|ProbableAD||Participant|12||', '@ID:\teng|Pitt|PAR|78;|female|ProbableAD||Participant|17||', '@ID:\teng|Pitt|PAR|78;|female|ProbableAD||Participant|18||', '@ID:\teng|Pitt|PAR|78;|female|ProbableAD||Participant|23||', '@ID:\teng|Pitt|PAR|78;|female|Vascular||Participant|13||', '@ID:\teng|Pitt|PAR|78;|male|Control||Participant|29||', '@ID:\teng|Pitt|PAR|78;|male|ProbableAD||Participant|10||', '@ID:\teng|Pitt|PAR|78;|male|ProbableAD||Participant|16||', '@ID:\teng|Pitt|PAR|78;|male|ProbableAD||Participant|26||', '@ID:\teng|Pitt|PAR|79;|female|Control||Participant|30||', '@ID:\teng|Pitt|PAR|79;|female|PossibleAD||Participant|13||', '@ID:\teng|Pitt|PAR|79;|female|ProbableAD||Participant|10||', '@ID:\teng|Pitt|PAR|79;|female|ProbableAD||Participant|21||', '@ID:\teng|Pitt|PAR|79;|female|ProbableAD||Participant|26||', '@ID:\teng|Pitt|PAR|79;|female|ProbableAD||Participant|30||', '@ID:\teng|Pitt|PAR|79;|male|PossibleAD||Participant|18||', '@ID:\teng|Pitt|PAR|79;|male|PossibleAD||Participant|23||', '@ID:\teng|Pitt|PAR|79;|male|ProbableAD||Participant|13||', '@ID:\teng|Pitt|PAR|80;|female|Control||Participant|29||', '@ID:\teng|Pitt|PAR|80;|female|Control||Participant|30||', '@ID:\teng|Pitt|PAR|80;|female|ProbableAD||Participant|19||', '@ID:\teng|Pitt|PAR|80;|male|Control||Participant|29||', '@ID:\teng|Pitt|PAR|80;|male|MCI||Participant|27||', '@ID:\teng|Pitt|PAR|80;|male|MCI||Participant|29||', '@ID:\teng|Pitt|PAR|81;|female|Control||Participant|28||', '@ID:\teng|Pitt|PAR|81;|female|ProbableAD||Participant|15||', '@ID:\teng|Pitt|PAR|81;|female|ProbableAD||Participant|22||', '@ID:\teng|Pitt|PAR|81;|male|MCI||Participant|29||', '@ID:\teng|Pitt|PAR|81;|male|ProbableAD||Participant|13||', '@ID:\teng|Pitt|PAR|82;|female|PossibleAD||Participant|||', '@ID:\teng|Pitt|PAR|83;|female|PossibleAD||Participant|17||', '@ID:\teng|Pitt|PAR|83;|female|ProbableAD||Participant|15||', '@ID:\teng|Pitt|PAR|83;|female|ProbableAD||Participant|20||', '@ID:\teng|Pitt|PAR|83;|female|ProbableAD||Participant|25||', '@ID:\teng|Pitt|PAR|83;|female|ProbableAD||Participant|27||', '@ID:\teng|Pitt|PAR|83;|male|ProbableAD||Participant|16||', '@ID:\teng|Pitt|PAR|84;|female|ProbableAD||Participant|18||', '@ID:\teng|Pitt|PAR|84;|female|ProbableAD||Participant|20||', '@ID:\teng|Pitt|PAR|84;|female|ProbableAD||Participant|24||', '@ID:\teng|Pitt|PAR|85;|female|PossibleAD||Participant|18||', '@ID:\teng|Pitt|PAR|85;|female|ProbableAD||Participant|11||', '@ID:\teng|Pitt|PAR|85;|female|ProbableAD||Participant|13||', '@ID:\teng|Pitt|PAR|85;|female|ProbableAD||Participant|18||', '@ID:\teng|Pitt|PAR|85;|male|ProbableAD||Participant|25||', '@ID:\teng|Pitt|PAR|86;|female|ProbableAD||Participant|23||', '@ID:\teng|Pitt|PAR|87;|female|ProbableAD||Participant|20||', '@ID:\teng|Pitt|PAR|88;|female|ProbableAD||Participant|19||', '@ID:\teng|Pitt|PAR|88;|female|ProbableAD||Participant|22||', '@ID:\teng|Pitt|PAR|89;|female|ProbableAD||Participant|23||', '@ID:\teng|Pitt|PAR|||||Participant|||']
2025-08-23 08:53:48,466 - INFO - Validation subjects: ['@ID:\teng|Pitt|PAR|47;|female|Control||Participant|30||', '@ID:\teng|Pitt|PAR|50;|female|MCI||Participant|27||', '@ID:\teng|Pitt|PAR|51;|female|Control||Participant|30||', '@ID:\teng|Pitt|PAR|52;|male|Memory||Participant|30||', '@ID:\teng|Pitt|PAR|53;|female|Control||Participant|30||', '@ID:\teng|Pitt|PAR|55;|female|Control||Participant|29||', '@ID:\teng|Pitt|PAR|55;|male|ProbableAD||Participant|19||', '@ID:\teng|Pitt|PAR|56;|male|ProbableAD||Participant|20||', '@ID:\teng|Pitt|PAR|57;|female|Control||Participant|27||', '@ID:\teng|Pitt|PAR|57;|female|ProbableAD||Participant|19||', '@ID:\teng|Pitt|PAR|58;|female|ProbableAD||Participant|18||', '@ID:\teng|Pitt|PAR|58;|male|ProbableAD||Participant|18||', '@ID:\teng|Pitt|PAR|59;|female|Control||Participant|29||', '@ID:\teng|Pitt|PAR|59;|male|Control||Participant|29||', '@ID:\teng|Pitt|PAR|60;|female|PossibleAD||Participant|18||', '@ID:\teng|Pitt|PAR|61;00.|female|Control||Participant|||', '@ID:\teng|Pitt|PAR|61;|female|ProbableAD||Participant|11||', '@ID:\teng|Pitt|PAR|62;|female|Control||Participant|29||', '@ID:\teng|Pitt|PAR|62;|female|ProbableAD||Participant|23||', '@ID:\teng|Pitt|PAR|63;|female|Control||Participant|28||', '@ID:\teng|Pitt|PAR|63;|male|Control||Participant|29||', '@ID:\teng|Pitt|PAR|63;|male|ProbableAD||Participant|25||', '@ID:\teng|Pitt|PAR|64;|female|ProbableAD||Participant|17||', '@ID:\teng|Pitt|PAR|64;|male|Control||Participant|28||', '@ID:\teng|Pitt|PAR|64;|male|ProbableAD||Participant|27||', '@ID:\teng|Pitt|PAR|65;00.|male|ProbableAD||Participant|||', '@ID:\teng|Pitt|PAR|65;|female|ProbableAD||Participant|16||', '@ID:\teng|Pitt|PAR|65;|female|ProbableAD||Participant|26||', '@ID:\teng|Pitt|PAR|65;|male|ProbableAD||Participant|19||', '@ID:\teng|Pitt|PAR|66;|female|Control||Participant|28||', '@ID:\teng|Pitt|PAR|66;|female|ProbableAD||Participant|19||', '@ID:\teng|Pitt|PAR|66;|male|Control||Participant|29||', '@ID:\teng|Pitt|PAR|67;00.|male|Control||Participant|30||', '@ID:\teng|Pitt|PAR|67;|female|Control||Participant|30||', '@ID:\teng|Pitt|PAR|67;|male|Control||Participant|28||', '@ID:\teng|Pitt|PAR|68;00.|female|Control||Participant|||', '@ID:\teng|Pitt|PAR|68;00.|male|MCI||Participant|||', '@ID:\teng|Pitt|PAR|68;|female|ProbableAD||Participant|23||', '@ID:\teng|Pitt|PAR|68;|male|MCI||Participant|25||', '@ID:\teng|Pitt|PAR|69;00.|male|MCI||Participant|||', '@ID:\teng|Pitt|PAR|69;|female|PossibleAD||Participant|23||', '@ID:\teng|Pitt|PAR|69;|male|Control||Participant|29||', '@ID:\teng|Pitt|PAR|69;|male|ProbableAD||Participant|19||', '@ID:\teng|Pitt|PAR|70;|female|Control||Participant|29||', '@ID:\teng|Pitt|PAR|70;|female|ProbableAD||Participant|17||', '@ID:\teng|Pitt|PAR|70;|male|Control||Participant|30||', '@ID:\teng|Pitt|PAR|71;|female|ProbableAD||Participant|13||', '@ID:\teng|Pitt|PAR|71;|female|ProbableAD||Participant|20||', '@ID:\teng|Pitt|PAR|71;|male|MCI||Participant|29||', '@ID:\teng|Pitt|PAR|72;00.|male|Control||Participant|||', '@ID:\teng|Pitt|PAR|72;|female|ProbableAD||Participant|17||', '@ID:\teng|Pitt|PAR|72;|male|Control||Participant|29||', '@ID:\teng|Pitt|PAR|72;|male|ProbableAD||Participant|27||', '@ID:\teng|Pitt|PAR|73;|female|Control||Participant|28||', '@ID:\teng|Pitt|PAR|73;|female|MCI||Participant|25||', '@ID:\teng|Pitt|PAR|73;|female|ProbableAD||Participant|20||', '@ID:\teng|Pitt|PAR|73;|male|Control||Participant|||', '@ID:\teng|Pitt|PAR|74;00.|female|MCI||Participant|||', '@ID:\teng|Pitt|PAR|74;|female|PossibleAD||Participant|21||', '@ID:\teng|Pitt|PAR|74;|female|ProbableAD||Participant|24||', '@ID:\teng|Pitt|PAR|74;|male|MCI||Participant|26||', '@ID:\teng|Pitt|PAR|75;00.|female|MCI||Participant|||', '@ID:\teng|Pitt|PAR|75;|female|PossibleAD||Participant|22||', '@ID:\teng|Pitt|PAR|75;|female|ProbableAD||Participant|18||', '@ID:\teng|Pitt|PAR|76;00.|female|Control||Participant|||', '@ID:\teng|Pitt|PAR|76;|female|ProbableAD||Participant|15||', '@ID:\teng|Pitt|PAR|77;00.|female|MCI||Participant|||', '@ID:\teng|Pitt|PAR|77;|female|ProbableAD||Participant|25||', '@ID:\teng|Pitt|PAR|77;|male|ProbableAD||Participant|10||', '@ID:\teng|Pitt|PAR|77;|male|ProbableAD||Participant|23||', '@ID:\teng|Pitt|PAR|78;|female|ProbableAD||Participant|15||', '@ID:\teng|Pitt|PAR|78;|female|ProbableAD||Participant|22||', '@ID:\teng|Pitt|PAR|78;|male|MCI||Participant|28||', '@ID:\teng|Pitt|PAR|79;00.|male|ProbableAD||Participant|||', '@ID:\teng|Pitt|PAR|79;|female|ProbableAD||Participant|17||', '@ID:\teng|Pitt|PAR|79;|male|MCI||Participant|30||', '@ID:\teng|Pitt|PAR|80;00.|female|ProbableAD||Participant|||', '@ID:\teng|Pitt|PAR|80;|female|Vascular||Participant|18||', '@ID:\teng|Pitt|PAR|81;00.|female|ProbableAD||Participant|||', '@ID:\teng|Pitt|PAR|81;|female|Vascular||Participant|19||', '@ID:\teng|Pitt|PAR|83;00.|female|Control||Participant|||', '@ID:\teng|Pitt|PAR|83;|female|ProbableAD||Participant|21||', '@ID:\teng|Pitt|PAR|84;|female|ProbableAD||Participant|19||', '@ID:\teng|Pitt|PAR|85;00.|male|ProbableAD||Participant|||', '@ID:\teng|Pitt|PAR|85;|female|ProbableAD||Participant|24||', '@ID:\teng|Pitt|PAR|86;|male|ProbableAD||Participant|19||', '@ID:\teng|Pitt|PAR|90;|female|ProbableAD||Participant|17||']
2025-08-23 08:53:48,466 - INFO - Test subjects: ['@ID:\teng|Pitt|PAR|46;|female|Control||Participant|30||', '@ID:\teng|Pitt|PAR|49;|female|MCI||Participant|27||', '@ID:\teng|Pitt|PAR|50;|male|Other||Participant|23||', '@ID:\teng|Pitt|PAR|51;|male|Memory||Participant|30||', '@ID:\teng|Pitt|PAR|53;|male|ProbableAD||Participant|23||', '@ID:\teng|Pitt|PAR|54;|male|ProbableAD||Participant|24||', '@ID:\teng|Pitt|PAR|55;|male|Control||Participant|26||', '@ID:\teng|Pitt|PAR|56;|male|Control||Participant|30||', '@ID:\teng|Pitt|PAR|57;|female|Control||Participant|30||', '@ID:\teng|Pitt|PAR|57;|male|ProbableAD||Participant|18||', '@ID:\teng|Pitt|PAR|58;00.|male|Control||Participant|||', '@ID:\teng|Pitt|PAR|58;|male|Control||Participant|30||', '@ID:\teng|Pitt|PAR|59;|female|Control||Participant|27||', '@ID:\teng|Pitt|PAR|59;|male|Control||Participant|30||', '@ID:\teng|Pitt|PAR|60;00.|male|ProbableAD||Participant|||', '@ID:\teng|Pitt|PAR|60;|male|PossibleAD||Participant|23||', '@ID:\teng|Pitt|PAR|61;|female|Control||Participant|30||', '@ID:\teng|Pitt|PAR|61;|male|ProbableAD||Participant|28||', '@ID:\teng|Pitt|PAR|62;|female|ProbableAD||Participant|17||', '@ID:\teng|Pitt|PAR|63;00.|female|ProbableAD||Participant|||', '@ID:\teng|Pitt|PAR|63;|male|Control||Participant|26||', '@ID:\teng|Pitt|PAR|64;00.|female|Control||Participant|||', '@ID:\teng|Pitt|PAR|64;|female|MCI||Participant|30||', '@ID:\teng|Pitt|PAR|64;|male|Control||Participant|26||', '@ID:\teng|Pitt|PAR|64;|male|MCI||Participant|29||', '@ID:\teng|Pitt|PAR|65;00.|female|Control||Participant|||', '@ID:\teng|Pitt|PAR|65;|female|ProbableAD||Participant|17||', '@ID:\teng|Pitt|PAR|65;|male|Control||Participant|28||', '@ID:\teng|Pitt|PAR|65;|male|ProbableAD||Participant|18||', '@ID:\teng|Pitt|PAR|66;00.|male|Control||Participant|||', '@ID:\teng|Pitt|PAR|66;|female|ProbableAD||Participant|10||', '@ID:\teng|Pitt|PAR|66;|male|MCI||Participant|28||', '@ID:\teng|Pitt|PAR|67;00.|female|Control||Participant|30||', '@ID:\teng|Pitt|PAR|67;|female|Control||Participant|29||', '@ID:\teng|Pitt|PAR|67;|female|ProbableAD||Participant|24||', '@ID:\teng|Pitt|PAR|67;|male|MCI||Participant|28||', '@ID:\teng|Pitt|PAR|68;|female|Control||Participant|28||', '@ID:\teng|Pitt|PAR|68;|female|ProbableAD||Participant|14||', '@ID:\teng|Pitt|PAR|68;|male|Control||Participant|28||', '@ID:\teng|Pitt|PAR|69;00.|female|Control||Participant|||', '@ID:\teng|Pitt|PAR|69;|female|ProbableAD||Participant|17||', '@ID:\teng|Pitt|PAR|69;|female|ProbableAD||Participant|25||', '@ID:\teng|Pitt|PAR|70;00.|female|Control||Participant|||', '@ID:\teng|Pitt|PAR|70;00.|male|ProbableAD||Participant|||', '@ID:\teng|Pitt|PAR|70;|female|ProbableAD||Participant|11||', '@ID:\teng|Pitt|PAR|70;|male|Control||Participant|29||', '@ID:\teng|Pitt|PAR|71;|female|Control||Participant|30||', '@ID:\teng|Pitt|PAR|71;|female|ProbableAD||Participant|17||', '@ID:\teng|Pitt|PAR|71;|male|ProbableAD||Participant|20||', '@ID:\teng|Pitt|PAR|72;|female|Control||Participant|28||', '@ID:\teng|Pitt|PAR|72;|female|PossibleAD||Participant|13||', '@ID:\teng|Pitt|PAR|72;|female|ProbableAD||Participant|22||', '@ID:\teng|Pitt|PAR|72;|male|ProbableAD||Participant|24||', '@ID:\teng|Pitt|PAR|73;00.|male|ProbableAD||Participant|||', '@ID:\teng|Pitt|PAR|73;|female|MCI||Participant|24||', '@ID:\teng|Pitt|PAR|73;|female|ProbableAD||Participant|19||', '@ID:\teng|Pitt|PAR|73;|male|Control||Participant|29||', '@ID:\teng|Pitt|PAR|73;|male|ProbableAD||Participant|17||', '@ID:\teng|Pitt|PAR|74;|female|Control||Participant|26||', '@ID:\teng|Pitt|PAR|74;|female|ProbableAD||Participant|23||', '@ID:\teng|Pitt|PAR|74;|male|Control||Participant|||', '@ID:\teng|Pitt|PAR|75;00.|female|Control||Participant|||', '@ID:\teng|Pitt|PAR|75;|female|PossibleAD||Participant|14||', '@ID:\teng|Pitt|PAR|75;|female|ProbableAD||Participant|20||', '@ID:\teng|Pitt|PAR|75;|male|MCI||Participant|27||', '@ID:\teng|Pitt|PAR|76;|female|ProbableAD||Participant|14||', '@ID:\teng|Pitt|PAR|77;00.|female|Control||Participant|||', '@ID:\teng|Pitt|PAR|77;|female|ProbableAD||Participant|3||', '@ID:\teng|Pitt|PAR|77;|male|PossibleAD||Participant|25||', '@ID:\teng|Pitt|PAR|78;00.|male|Control||Participant|||', '@ID:\teng|Pitt|PAR|78;|female|PossibleAD||Participant|19||', '@ID:\teng|Pitt|PAR|78;|female|ProbableAD||Participant|20||', '@ID:\teng|Pitt|PAR|78;|male|PossibleAD||Participant|18||', '@ID:\teng|Pitt|PAR|79;00.|female|ProbableAD||Participant|||', '@ID:\teng|Pitt|PAR|79;|female|ProbableAD||Participant|15||', '@ID:\teng|Pitt|PAR|79;|female|ProbableAD||Participant|8||', '@ID:\teng|Pitt|PAR|79;|male|ProbableAD||Participant|22||', '@ID:\teng|Pitt|PAR|80;|female|ProbableAD||Participant|23||', '@ID:\teng|Pitt|PAR|80;|male|ProbableAD||Participant|3||', '@ID:\teng|Pitt|PAR|81;|male|MCI||Participant|25||', '@ID:\teng|Pitt|PAR|82;|male|ProbableAD||Participant|13||', '@ID:\teng|Pitt|PAR|83;|female|ProbableAD||Participant|24||', '@ID:\teng|Pitt|PAR|83;|male|ProbableAD||Participant|19||', '@ID:\teng|Pitt|PAR|84;|male|ProbableAD||Participant|17||', '@ID:\teng|Pitt|PAR|85;|female|ProbableAD||Participant|20||', '@ID:\teng|Pitt|PAR|87;|female|ProbableAD||Participant|24||', '@ID:\teng|Pitt|PAR|89;|female|ProbableAD||Participant|17||']
2025-08-23 08:53:48,467 - INFO - Train subject label distribution: {1: 161, 0: 99}
2025-08-23 08:53:48,467 - INFO - Validation subject label distribution: {1: 60, 0: 27}
2025-08-23 08:53:48,467 - INFO - Test subject label distribution: {1: 57, 0: 30}
2025-08-23 08:53:48,497 - INFO - Loaded 660 train, 218 validation, 113 test samples
2025-08-23 08:53:48,498 - INFO - Train class distribution: {1: 358, 0: 302}
2025-08-23 08:53:48,498 - INFO - Validation class distribution: {1: 138, 0: 80}
2025-08-23 08:53:48,498 - INFO - Test class distribution: {1: 61, 0: 52}
2025-08-23 08:53:48,498 - INFO - Train subjects: 260, Validation subjects: 87, Test subjects: 87
2025-08-23 08:53:48,498 - INFO - No overlapping subjects between any sets ✓
2025-08-23 08:53:48,498 - INFO - Train samples: 660, Validation samples: 218, Test samples: 113
2025-08-23 08:53:48,499 - INFO - Fold 1/5
2025-08-23 08:53:48,499 - INFO - Fold 1: No overlapping subjects between train and train-validation
2025-08-23 08:53:48,499 - INFO - Fold 1: No overlapping subjects between any sets ✓
2025-08-23 08:53:48,499 - INFO - Fold 1: Train subjects: 209, Train-val subjects: 51
2025-08-23 08:53:48,499 - INFO - Fold 1: Train samples: 524, Train-val samples: 136
2025-08-23 08:53:48,509 - DEBUG - Popen(['git', 'rev-parse', '--show-toplevel'], cwd=C:\Users\yuho2\CogniAlign, stdin=None, shell=False, universal_newlines=False)
2025-08-23 08:53:48,557 - DEBUG - Starting new HTTPS connection (1): api.wandb.ai:443
2025-08-23 08:53:49,083 - DEBUG - https://api.wandb.ai:443 "POST /graphql HTTP/1.1" 200 None
2025-08-23 08:53:49,327 - DEBUG - https://api.wandb.ai:443 "POST /graphql HTTP/1.1" 200 None
2025-08-23 08:53:49,661 - DEBUG - Popen(['git', 'cat-file', '--batch-check'], cwd=C:\Users\yuho2\CogniAlign, stdin=<valid stream>, shell=False, universal_newlines=False)
2025-08-23 08:53:50,698 - DEBUG - Using proactor: IocpProactor
2025-08-23 08:58:36,834 - INFO - Epoch [10/100], Train Loss: 0.6810, Val Loss: 0.6605, Val Acc: 0.5368, Patience: 0/30
2025-08-23 09:03:01,146 - INFO - Epoch [20/100], Train Loss: 0.6507, Val Loss: 0.6621, Val Acc: 0.5809, Patience: 1/30
2025-08-23 09:07:28,532 - INFO - Epoch [30/100], Train Loss: 0.6084, Val Loss: 0.6873, Val Acc: 0.5588, Patience: 3/30
2025-08-23 09:12:07,225 - INFO - Epoch [40/100], Train Loss: 0.5848, Val Loss: 0.6006, Val Acc: 0.6765, Patience: 13/30
2025-08-23 09:16:40,132 - INFO - Epoch [50/100], Train Loss: 0.5916, Val Loss: 0.5903, Val Acc: 0.6838, Patience: 23/30
2025-08-23 09:19:47,221 - INFO - Early stopping triggered at epoch 57. Best validation accuracy: 0.7059
2025-08-23 09:19:47,223 - INFO - Best model state restored (validation accuracy: 0.7059)
2025-08-23 09:19:52,695 - INFO - Fold 1 results:
2025-08-23 09:19:52,696 - INFO -   Validation Accuracy: 0.6972
2025-08-23 09:19:52,696 - INFO -   Validation F1: 0.6791
2025-08-23 09:19:52,696 - INFO -   Test Accuracy: 0.6726
2025-08-23 09:19:52,697 - INFO -   Test F1: 0.6649
2025-08-23 09:19:52,697 - INFO -   Test Precision: 0.6760
2025-08-23 09:19:52,697 - INFO -   Test Recall: 0.6726
2025-08-23 09:19:53,715 - DEBUG - Using proactor: IocpProactor
2025-08-23 09:19:53,913 - INFO - Fold 2/5
2025-08-23 09:19:53,913 - INFO - Fold 2: No overlapping subjects between train and train-validation
2025-08-23 09:19:53,913 - INFO - Fold 2: No overlapping subjects between any sets ✓
2025-08-23 09:19:53,913 - INFO - Fold 2: Train subjects: 207, Train-val subjects: 53
2025-08-23 09:19:53,913 - INFO - Fold 2: Train samples: 522, Train-val samples: 138
2025-08-23 09:19:53,948 - DEBUG - Popen(['git', 'cat-file', '--batch-check'], cwd=C:\Users\yuho2\CogniAlign, stdin=<valid stream>, shell=False, universal_newlines=False)
2025-08-23 09:24:22,244 - INFO - Epoch [10/100], Train Loss: 0.6676, Val Loss: 0.6752, Val Acc: 0.5580, Patience: 0/30
2025-08-23 09:28:56,965 - INFO - Epoch [20/100], Train Loss: 0.6301, Val Loss: 0.6837, Val Acc: 0.6159, Patience: 1/30
2025-08-23 09:33:28,342 - INFO - Epoch [30/100], Train Loss: 0.6044, Val Loss: 0.6355, Val Acc: 0.6449, Patience: 0/30
2025-08-23 09:37:58,445 - INFO - Epoch [40/100], Train Loss: 0.5612, Val Loss: 0.6273, Val Acc: 0.6449, Patience: 10/30
2025-08-23 09:42:16,375 - INFO - Epoch [50/100], Train Loss: 0.5738, Val Loss: 0.6499, Val Acc: 0.6304, Patience: 20/30
2025-08-23 09:46:38,887 - INFO - Epoch [60/100], Train Loss: 0.5628, Val Loss: 0.6635, Val Acc: 0.6667, Patience: 0/30
2025-08-23 09:51:05,777 - INFO - Epoch [70/100], Train Loss: 0.5446, Val Loss: 0.6154, Val Acc: 0.6232, Patience: 10/30
2025-08-23 09:55:36,356 - INFO - Epoch [80/100], Train Loss: 0.4999, Val Loss: 0.6266, Val Acc: 0.6232, Patience: 20/30
2025-08-23 09:59:59,959 - INFO - Epoch [90/100], Train Loss: 0.5245, Val Loss: 0.6066, Val Acc: 0.6304, Patience: 30/30
2025-08-23 09:59:59,959 - INFO - Early stopping triggered at epoch 90. Best validation accuracy: 0.6667
2025-08-23 09:59:59,960 - INFO - Best model state restored (validation accuracy: 0.6667)
2025-08-23 10:00:04,329 - INFO - Fold 2 results:
2025-08-23 10:00:04,329 - INFO -   Validation Accuracy: 0.6789
2025-08-23 10:00:04,329 - INFO -   Validation F1: 0.6811
2025-08-23 10:00:04,330 - INFO -   Test Accuracy: 0.6372
2025-08-23 10:00:04,330 - INFO -   Test F1: 0.6351
2025-08-23 10:00:04,330 - INFO -   Test Precision: 0.6356
2025-08-23 10:00:04,330 - INFO -   Test Recall: 0.6372
2025-08-23 10:00:05,342 - DEBUG - Using proactor: IocpProactor
2025-08-23 10:00:05,408 - INFO - Fold 3/5
2025-08-23 10:00:05,408 - INFO - Fold 3: No overlapping subjects between train and train-validation
2025-08-23 10:00:05,408 - INFO - Fold 3: No overlapping subjects between any sets ✓
2025-08-23 10:00:05,408 - INFO - Fold 3: Train subjects: 208, Train-val subjects: 52
2025-08-23 10:00:05,409 - INFO - Fold 3: Train samples: 536, Train-val samples: 124
2025-08-23 10:00:05,440 - DEBUG - Popen(['git', 'cat-file', '--batch-check'], cwd=C:\Users\yuho2\CogniAlign, stdin=<valid stream>, shell=False, universal_newlines=False)
2025-08-23 10:04:42,525 - INFO - Epoch [10/100], Train Loss: 0.6715, Val Loss: 0.6536, Val Acc: 0.6371, Patience: 6/30
2025-08-23 10:09:08,106 - INFO - Epoch [20/100], Train Loss: 0.6281, Val Loss: 0.6216, Val Acc: 0.6452, Patience: 16/30
2025-08-23 10:13:41,115 - INFO - Epoch [30/100], Train Loss: 0.6124, Val Loss: 0.5976, Val Acc: 0.6613, Patience: 4/30
2025-08-23 10:18:14,665 - INFO - Epoch [40/100], Train Loss: 0.5981, Val Loss: 0.6151, Val Acc: 0.6129, Patience: 1/30
2025-08-23 10:22:48,618 - INFO - Epoch [50/100], Train Loss: 0.5820, Val Loss: 0.5939, Val Acc: 0.6613, Patience: 11/30
2025-08-23 10:27:23,251 - INFO - Epoch [60/100], Train Loss: 0.5585, Val Loss: 0.5872, Val Acc: 0.6774, Patience: 21/30
2025-08-23 10:31:29,855 - INFO - Early stopping triggered at epoch 69. Best validation accuracy: 0.7097
2025-08-23 10:31:29,855 - INFO - Best model state restored (validation accuracy: 0.7097)
2025-08-23 10:31:33,579 - INFO - Fold 3 results:
2025-08-23 10:31:33,580 - INFO -   Validation Accuracy: 0.6972
2025-08-23 10:31:33,581 - INFO -   Validation F1: 0.6935
2025-08-23 10:31:33,581 - INFO -   Test Accuracy: 0.6460
2025-08-23 10:31:33,581 - INFO -   Test F1: 0.6454
2025-08-23 10:31:33,581 - INFO -   Test Precision: 0.6452
2025-08-23 10:31:33,581 - INFO -   Test Recall: 0.6460
2025-08-23 10:31:34,597 - DEBUG - Using proactor: IocpProactor
2025-08-23 10:31:34,905 - INFO - Fold 4/5
2025-08-23 10:31:34,905 - INFO - Fold 4: No overlapping subjects between train and train-validation
2025-08-23 10:31:34,905 - INFO - Fold 4: No overlapping subjects between any sets ✓
2025-08-23 10:31:34,905 - INFO - Fold 4: Train subjects: 208, Train-val subjects: 52
2025-08-23 10:31:34,905 - INFO - Fold 4: Train samples: 536, Train-val samples: 124
2025-08-23 10:31:34,911 - DEBUG - Popen(['git', 'cat-file', '--batch-check'], cwd=C:\Users\yuho2\CogniAlign, stdin=<valid stream>, shell=False, universal_newlines=False)
2025-08-23 10:36:12,945 - INFO - Epoch [10/100], Train Loss: 0.6656, Val Loss: 0.6635, Val Acc: 0.5726, Patience: 5/30
2025-08-23 10:40:49,649 - INFO - Epoch [20/100], Train Loss: 0.5880, Val Loss: 0.6724, Val Acc: 0.6129, Patience: 7/30
2025-08-23 10:45:26,342 - INFO - Epoch [30/100], Train Loss: 0.5841, Val Loss: 0.6868, Val Acc: 0.5887, Patience: 17/30
2025-08-23 10:50:03,805 - INFO - Epoch [40/100], Train Loss: 0.5517, Val Loss: 0.7020, Val Acc: 0.6048, Patience: 27/30
2025-08-23 10:51:27,091 - INFO - Early stopping triggered at epoch 43. Best validation accuracy: 0.6371
2025-08-23 10:51:27,092 - INFO - Best model state restored (validation accuracy: 0.6371)
2025-08-23 10:51:30,782 - INFO - Fold 4 results:
2025-08-23 10:51:30,783 - INFO -   Validation Accuracy: 0.7018
2025-08-23 10:51:30,783 - INFO -   Validation F1: 0.7057
2025-08-23 10:51:30,784 - INFO -   Test Accuracy: 0.7080
2025-08-23 10:51:30,784 - INFO -   Test F1: 0.7075
2025-08-23 10:51:30,785 - INFO -   Test Precision: 0.7205
2025-08-23 10:51:30,785 - INFO -   Test Recall: 0.7080
2025-08-23 10:51:31,799 - DEBUG - Using proactor: IocpProactor
2025-08-23 10:51:31,908 - INFO - Fold 5/5
2025-08-23 10:51:31,909 - INFO - Fold 5: No overlapping subjects between train and train-validation
2025-08-23 10:51:31,909 - INFO - Fold 5: No overlapping subjects between any sets ✓
2025-08-23 10:51:31,909 - INFO - Fold 5: Train subjects: 208, Train-val subjects: 52
2025-08-23 10:51:31,909 - INFO - Fold 5: Train samples: 522, Train-val samples: 138
2025-08-23 10:51:31,915 - DEBUG - Popen(['git', 'cat-file', '--batch-check'], cwd=C:\Users\yuho2\CogniAlign, stdin=<valid stream>, shell=False, universal_newlines=False)
2025-08-23 10:56:05,446 - INFO - Epoch [10/100], Train Loss: 0.6581, Val Loss: 0.7022, Val Acc: 0.4928, Patience: 3/30
2025-08-23 11:00:24,450 - INFO - Epoch [20/100], Train Loss: 0.5826, Val Loss: 0.7140, Val Acc: 0.5580, Patience: 1/30
2025-08-23 11:04:53,994 - INFO - Epoch [30/100], Train Loss: 0.5731, Val Loss: 0.7101, Val Acc: 0.5942, Patience: 1/30
2025-08-23 11:09:23,396 - INFO - Epoch [40/100], Train Loss: 0.5427, Val Loss: 0.7270, Val Acc: 0.5870, Patience: 11/30
2025-08-23 11:13:43,217 - INFO - Epoch [50/100], Train Loss: 0.5425, Val Loss: 0.6953, Val Acc: 0.6159, Patience: 21/30
2025-08-23 11:18:13,265 - INFO - Epoch [60/100], Train Loss: 0.5593, Val Loss: 0.7422, Val Acc: 0.5870, Patience: 3/30
2025-08-23 11:22:42,491 - INFO - Epoch [70/100], Train Loss: 0.4997, Val Loss: 0.7658, Val Acc: 0.6087, Patience: 13/30
2025-08-23 11:27:11,887 - INFO - Epoch [80/100], Train Loss: 0.5018, Val Loss: 0.8200, Val Acc: 0.6159, Patience: 23/30
2025-08-23 11:30:20,860 - INFO - Early stopping triggered at epoch 87. Best validation accuracy: 0.6304
2025-08-23 11:30:20,860 - INFO - Best model state restored (validation accuracy: 0.6304)
2025-08-23 11:30:24,491 - INFO - Fold 5 results:
2025-08-23 11:30:24,491 - INFO -   Validation Accuracy: 0.7156
2025-08-23 11:30:24,492 - INFO -   Validation F1: 0.7186
2025-08-23 11:30:24,492 - INFO -   Test Accuracy: 0.7257
2025-08-23 11:30:24,492 - INFO -   Test F1: 0.7258
2025-08-23 11:30:24,492 - INFO -   Test Precision: 0.7261
2025-08-23 11:30:24,492 - INFO -   Test Recall: 0.7257
2025-08-23 11:30:25,505 - DEBUG - Using proactor: IocpProactor
2025-08-23 11:30:25,809 - DEBUG - Popen(['git', 'cat-file', '--batch-check'], cwd=C:\Users\yuho2\CogniAlign, stdin=<valid stream>, shell=False, universal_newlines=False)
2025-08-23 11:30:27,675 - DEBUG - Using proactor: IocpProactor
2025-08-23 11:30:28,053 - INFO - ✓ Completed experiment: test_original_train_combined
2025-08-23 11:30:28,053 - INFO -   Mean Test Accuracy: 0.6779 ± 0.0343
2025-08-23 11:30:28,054 - INFO -   Mean Test F1: 0.6758 ± 0.0352
2025-08-23 11:30:28,060 - INFO - 
Results saved to: results\noise_augmented_classification\noise_combination_experiment_results.csv
2025-08-23 11:30:28,190 - INFO - Results saved to: results\noise_augmented_classification\noise_combination_experiment_results.csv
2025-08-23 11:30:28,190 - INFO - Detailed results saved to: results\noise_augmented_classification\noise_combination_experiment_detailed_results.json
2025-08-23 11:30:28,190 - INFO - Noise combination experiment completed successfully!
2025-08-23 11:30:28,190 - INFO - 
============================================================
2025-08-23 11:30:28,190 - INFO - NOISE COMBINATION EXPERIMENT SUMMARY
2025-08-23 11:30:28,191 - INFO - ============================================================
2025-08-23 11:30:28,191 - INFO - 
1. test_original_train_combined:
2025-08-23 11:30:28,191 - INFO -    Train noise types: ['original', 'gaussian_noise_light']
2025-08-23 11:30:28,191 - INFO -    Test noise type: original
2025-08-23 11:30:28,191 - INFO -    Validation Accuracy: 0.6982 ± 0.0117
2025-08-23 11:30:28,191 - INFO -    Test Accuracy: 0.6779 ± 0.0343
2025-08-23 11:30:28,191 - INFO -    Test F1 Score: 0.6758 ± 0.0352
2025-08-23 11:30:28,191 - INFO - 
🏆 BEST PERFORMANCE: test_original_train_combined
2025-08-23 11:30:28,191 - INFO -    Train noise types: ['original', 'gaussian_noise_light']
2025-08-23 11:30:28,192 - INFO -    Test noise type: original
2025-08-23 11:30:28,192 - INFO -    Validation Accuracy: 0.6982 ± 0.0117
2025-08-23 11:30:28,192 - INFO -    Test Accuracy: 0.6779 ± 0.0343
2025-08-23 11:30:28,192 - INFO -    Test F1 Score: 0.6758 ± 0.0352
2025-08-23 11:30:28,193 - INFO - 
Summary saved to: results\noise_augmented_classification\noise_combination_experiment_summary.csv
2025-08-23 11:30:28,313 - INFO - Detailed results saved to: results\noise_augmented_classification\noise_combination_experiment_detailed_results.json
2025-08-23 11:30:28,314 - INFO - Noise combination experiment completed!
