2025-07-07 15:05:49,242 - INFO - Attempting to load distilbert-base-uncased (attempt 1/3)
2025-07-07 15:05:50,565 - INFO - Successfully loaded distilbert-base-uncased
2025-07-07 15:05:52,594 - INFO - Starting preprocessing embeddings...
2025-07-07 15:05:52,600 - INFO - ------------------------------------------
2025-07-07 15:05:52,600 - INFO - ------------------------------------------
2025-07-07 15:05:52,601 - INFO - Processing adrso024, ad
2025-07-07 15:06:26,700 - INFO - ------------------------------------------
2025-07-07 15:06:26,700 - INFO - CORRECTLY PROCESSED ALL AUDIOS
2025-07-07 15:06:26,701 - INFO - Completed audios: 1
2025-07-07 15:06:26,701 - INFO - ------------------------------------------
2025-07-07 15:06:26,701 - INFO - ------------------------------------------
2025-07-07 15:06:26,701 - INFO - Processing adrso025, ad
2025-07-07 15:06:50,973 - INFO - ------------------------------------------
2025-07-07 15:06:50,973 - INFO - CORRECTLY PROCESSED ALL AUDIOS
2025-07-07 15:06:50,974 - INFO - Completed audios: 2
2025-07-07 15:06:50,974 - INFO - ------------------------------------------
2025-07-07 15:06:50,974 - INFO - ------------------------------------------
2025-07-07 15:06:50,974 - INFO - Processing adrso027, ad
2025-07-07 15:06:59,198 - INFO - ------------------------------------------
2025-07-07 15:06:59,198 - INFO - CORRECTLY PROCESSED ALL AUDIOS
2025-07-07 15:06:59,199 - INFO - Completed audios: 3
2025-07-07 15:06:59,199 - INFO - ------------------------------------------
2025-07-07 15:06:59,199 - INFO - ------------------------------------------
2025-07-07 15:06:59,199 - INFO - Processing adrso028, ad
2025-07-07 15:07:04,683 - INFO - ------------------------------------------
2025-07-07 15:07:04,684 - INFO - CORRECTLY PROCESSED ALL AUDIOS
2025-07-07 15:07:04,684 - INFO - Completed audios: 4
2025-07-07 15:07:04,684 - INFO - ------------------------------------------
2025-07-07 15:07:04,684 - INFO - ------------------------------------------
2025-07-07 15:07:04,684 - INFO - Processing adrso031, ad
2025-07-07 15:07:12,217 - INFO - ------------------------------------------
2025-07-07 15:07:12,218 - INFO - CORRECTLY PROCESSED ALL AUDIOS
2025-07-07 15:07:12,218 - INFO - Completed audios: 5
2025-07-07 15:07:12,218 - INFO - ------------------------------------------
2025-07-07 15:07:12,218 - INFO - ------------------------------------------
2025-07-07 15:07:12,218 - INFO - Processing adrso032, ad
2025-07-07 15:07:19,760 - INFO - ------------------------------------------
2025-07-07 15:07:19,760 - INFO - CORRECTLY PROCESSED ALL AUDIOS
2025-07-07 15:07:19,760 - INFO - Completed audios: 6
2025-07-07 15:07:19,760 - INFO - ------------------------------------------
2025-07-07 15:07:19,760 - INFO - ------------------------------------------
2025-07-07 15:07:19,760 - INFO - Processing adrso033, ad
2025-07-07 15:07:27,116 - INFO - ------------------------------------------
2025-07-07 15:07:27,117 - INFO - CORRECTLY PROCESSED ALL AUDIOS
2025-07-07 15:07:27,117 - INFO - Completed audios: 7
2025-07-07 15:07:27,117 - INFO - ------------------------------------------
2025-07-07 15:07:27,117 - INFO - ------------------------------------------
2025-07-07 15:07:27,117 - INFO - Processing adrso035, ad
2025-07-07 15:07:34,044 - INFO - ------------------------------------------
2025-07-07 15:07:34,044 - INFO - CORRECTLY PROCESSED ALL AUDIOS
2025-07-07 15:07:34,045 - INFO - Completed audios: 8
2025-07-07 15:07:34,045 - INFO - ------------------------------------------
2025-07-07 15:07:34,045 - INFO - ------------------------------------------
2025-07-07 15:07:34,045 - INFO - Processing adrso036, ad
2025-07-07 15:07:37,291 - INFO - ------------------------------------------
2025-07-07 15:07:37,291 - INFO - CORRECTLY PROCESSED ALL AUDIOS
2025-07-07 15:07:37,291 - INFO - Completed audios: 9
2025-07-07 15:07:37,291 - INFO - ------------------------------------------
2025-07-07 15:07:37,292 - INFO - ------------------------------------------
2025-07-07 15:07:37,292 - INFO - Processing adrso039, ad
2025-07-07 15:07:43,656 - INFO - ------------------------------------------
2025-07-07 15:07:43,656 - INFO - CORRECTLY PROCESSED ALL AUDIOS
2025-07-07 15:07:43,656 - INFO - Completed audios: 10
2025-07-07 15:07:43,657 - INFO - ------------------------------------------
2025-07-07 15:07:43,657 - INFO - ------------------------------------------
2025-07-07 15:07:43,657 - INFO - Processing adrso043, ad
2025-07-07 15:07:56,789 - INFO - ------------------------------------------
2025-07-07 15:07:56,789 - INFO - CORRECTLY PROCESSED ALL AUDIOS
2025-07-07 15:07:56,789 - INFO - Completed audios: 11
2025-07-07 15:07:56,789 - INFO - ------------------------------------------
2025-07-07 15:07:56,790 - INFO - ------------------------------------------
2025-07-07 15:07:56,790 - INFO - Processing adrso045, ad
2025-07-07 15:08:23,668 - INFO - ------------------------------------------
2025-07-07 15:08:23,668 - INFO - CORRECTLY PROCESSED ALL AUDIOS
2025-07-07 15:08:23,668 - INFO - Completed audios: 12
2025-07-07 15:08:23,669 - INFO - ------------------------------------------
2025-07-07 15:08:23,669 - INFO - ------------------------------------------
2025-07-07 15:08:23,669 - INFO - Processing adrso046, ad
2025-07-07 15:08:33,707 - INFO - ------------------------------------------
2025-07-07 15:08:33,707 - INFO - CORRECTLY PROCESSED ALL AUDIOS
2025-07-07 15:08:33,707 - INFO - Completed audios: 13
2025-07-07 15:08:33,707 - INFO - ------------------------------------------
2025-07-07 15:08:33,707 - INFO - ------------------------------------------
2025-07-07 15:08:33,707 - INFO - Processing adrso047, ad
2025-07-07 15:08:38,858 - INFO - ------------------------------------------
2025-07-07 15:08:38,858 - INFO - CORRECTLY PROCESSED ALL AUDIOS
2025-07-07 15:08:38,858 - INFO - Completed audios: 14
2025-07-07 15:08:38,858 - INFO - ------------------------------------------
2025-07-07 15:08:38,858 - INFO - ------------------------------------------
2025-07-07 15:08:38,858 - INFO - Processing adrso049, ad
2025-07-07 15:08:57,029 - INFO - ------------------------------------------
2025-07-07 15:08:57,029 - INFO - CORRECTLY PROCESSED ALL AUDIOS
2025-07-07 15:08:57,029 - INFO - Completed audios: 15
2025-07-07 15:08:57,029 - INFO - ------------------------------------------
2025-07-07 15:08:57,029 - INFO - ------------------------------------------
2025-07-07 15:08:57,029 - INFO - Processing adrso053, ad
2025-07-07 15:09:18,680 - INFO - ------------------------------------------
2025-07-07 15:09:18,680 - INFO - CORRECTLY PROCESSED ALL AUDIOS
2025-07-07 15:09:18,681 - INFO - Completed audios: 16
2025-07-07 15:09:18,681 - INFO - ------------------------------------------
2025-07-07 15:09:18,681 - INFO - ------------------------------------------
2025-07-07 15:09:18,681 - INFO - Processing adrso054, ad
2025-07-07 15:09:35,845 - INFO - ------------------------------------------
2025-07-07 15:09:35,846 - INFO - CORRECTLY PROCESSED ALL AUDIOS
2025-07-07 15:09:35,846 - INFO - Completed audios: 17
2025-07-07 15:09:35,846 - INFO - ------------------------------------------
2025-07-07 15:09:35,846 - INFO - ------------------------------------------
2025-07-07 15:09:35,846 - INFO - Processing adrso055, ad
2025-07-07 15:09:45,608 - INFO - ------------------------------------------
2025-07-07 15:09:45,608 - INFO - CORRECTLY PROCESSED ALL AUDIOS
2025-07-07 15:09:45,608 - INFO - Completed audios: 18
2025-07-07 15:09:45,608 - INFO - ------------------------------------------
2025-07-07 15:09:45,608 - INFO - ------------------------------------------
2025-07-07 15:09:45,608 - INFO - Processing adrso056, ad
2025-07-07 15:10:21,439 - INFO - ------------------------------------------
2025-07-07 15:10:21,439 - INFO - CORRECTLY PROCESSED ALL AUDIOS
2025-07-07 15:10:21,440 - INFO - Completed audios: 19
2025-07-07 15:10:21,440 - INFO - ------------------------------------------
2025-07-07 15:10:21,440 - INFO - ------------------------------------------
2025-07-07 15:10:21,440 - INFO - Processing adrso059, ad
2025-07-07 15:10:25,170 - INFO - ------------------------------------------
2025-07-07 15:10:25,170 - INFO - CORRECTLY PROCESSED ALL AUDIOS
2025-07-07 15:10:25,170 - INFO - Completed audios: 20
2025-07-07 15:10:25,170 - INFO - ------------------------------------------
2025-07-07 15:10:25,170 - INFO - ------------------------------------------
2025-07-07 15:10:25,170 - INFO - Processing adrso060, ad
2025-07-07 15:10:30,651 - INFO - ------------------------------------------
2025-07-07 15:10:30,651 - INFO - CORRECTLY PROCESSED ALL AUDIOS
2025-07-07 15:10:30,651 - INFO - Completed audios: 21
2025-07-07 15:10:30,652 - INFO - ------------------------------------------
2025-07-07 15:10:30,652 - INFO - ------------------------------------------
2025-07-07 15:10:30,652 - INFO - Processing adrso063, ad
2025-07-07 15:10:35,056 - INFO - ------------------------------------------
2025-07-07 15:10:35,056 - INFO - CORRECTLY PROCESSED ALL AUDIOS
2025-07-07 15:10:35,056 - INFO - Completed audios: 22
2025-07-07 15:10:35,057 - INFO - ------------------------------------------
2025-07-07 15:10:35,057 - INFO - ------------------------------------------
2025-07-07 15:10:35,057 - INFO - Processing adrso068, ad
2025-07-07 15:10:39,573 - INFO - ------------------------------------------
2025-07-07 15:10:39,573 - INFO - CORRECTLY PROCESSED ALL AUDIOS
2025-07-07 15:10:39,573 - INFO - Completed audios: 23
2025-07-07 15:10:39,573 - INFO - ------------------------------------------
2025-07-07 15:10:39,573 - INFO - ------------------------------------------
2025-07-07 15:10:39,574 - INFO - Processing adrso070, ad
2025-07-07 15:10:45,550 - INFO - ------------------------------------------
2025-07-07 15:10:45,551 - INFO - CORRECTLY PROCESSED ALL AUDIOS
2025-07-07 15:10:45,551 - INFO - Completed audios: 24
2025-07-07 15:10:45,551 - INFO - ------------------------------------------
2025-07-07 15:10:45,551 - INFO - ------------------------------------------
2025-07-07 15:10:45,551 - INFO - Processing adrso071, ad
2025-07-07 15:10:51,174 - INFO - ------------------------------------------
2025-07-07 15:10:51,174 - INFO - CORRECTLY PROCESSED ALL AUDIOS
2025-07-07 15:10:51,174 - INFO - Completed audios: 25
2025-07-07 15:10:51,174 - INFO - ------------------------------------------
2025-07-07 15:10:51,174 - INFO - ------------------------------------------
2025-07-07 15:10:51,174 - INFO - Processing adrso072, ad
2025-07-07 15:10:54,450 - INFO - ------------------------------------------
2025-07-07 15:10:54,450 - INFO - CORRECTLY PROCESSED ALL AUDIOS
2025-07-07 15:10:54,450 - INFO - Completed audios: 26
2025-07-07 15:10:54,451 - INFO - ------------------------------------------
2025-07-07 15:10:54,451 - INFO - ------------------------------------------
2025-07-07 15:10:54,451 - INFO - Processing adrso074, ad
2025-07-07 15:11:01,666 - INFO - ------------------------------------------
2025-07-07 15:11:01,666 - INFO - CORRECTLY PROCESSED ALL AUDIOS
2025-07-07 15:11:01,667 - INFO - Completed audios: 27
2025-07-07 15:11:01,667 - INFO - ------------------------------------------
2025-07-07 15:11:01,667 - INFO - ------------------------------------------
2025-07-07 15:11:01,667 - INFO - Processing adrso075, ad
2025-07-07 15:11:04,872 - INFO - ------------------------------------------
2025-07-07 15:11:04,872 - INFO - CORRECTLY PROCESSED ALL AUDIOS
2025-07-07 15:11:04,872 - INFO - Completed audios: 28
2025-07-07 15:11:04,872 - INFO - ------------------------------------------
2025-07-07 15:11:04,873 - INFO - ------------------------------------------
2025-07-07 15:11:04,873 - INFO - Processing adrso077, ad
2025-07-07 15:11:09,290 - INFO - ------------------------------------------
2025-07-07 15:11:09,290 - INFO - CORRECTLY PROCESSED ALL AUDIOS
2025-07-07 15:11:09,290 - INFO - Completed audios: 29
2025-07-07 15:11:09,291 - INFO - ------------------------------------------
2025-07-07 15:11:09,291 - INFO - ------------------------------------------
2025-07-07 15:11:09,291 - INFO - Processing adrso078, ad
2025-07-07 15:11:24,181 - INFO - ------------------------------------------
2025-07-07 15:11:24,182 - INFO - CORRECTLY PROCESSED ALL AUDIOS
2025-07-07 15:11:24,182 - INFO - Completed audios: 30
2025-07-07 15:11:24,182 - INFO - ------------------------------------------
2025-07-07 15:11:24,182 - INFO - ------------------------------------------
2025-07-07 15:11:24,182 - INFO - Processing adrso089, ad
2025-07-07 15:11:28,195 - INFO - ------------------------------------------
2025-07-07 15:11:28,195 - INFO - CORRECTLY PROCESSED ALL AUDIOS
2025-07-07 15:11:28,195 - INFO - Completed audios: 31
2025-07-07 15:11:28,195 - INFO - ------------------------------------------
2025-07-07 15:11:28,196 - INFO - ------------------------------------------
2025-07-07 15:11:28,196 - INFO - Processing adrso090, ad
2025-07-07 15:11:36,912 - INFO - ------------------------------------------
2025-07-07 15:11:36,912 - INFO - CORRECTLY PROCESSED ALL AUDIOS
2025-07-07 15:11:36,912 - INFO - Completed audios: 32
2025-07-07 15:11:36,913 - INFO - ------------------------------------------
2025-07-07 15:11:36,913 - INFO - ------------------------------------------
2025-07-07 15:11:36,913 - INFO - Processing adrso092, ad
2025-07-07 15:11:40,051 - INFO - ------------------------------------------
2025-07-07 15:11:40,051 - INFO - CORRECTLY PROCESSED ALL AUDIOS
2025-07-07 15:11:40,051 - INFO - Completed audios: 33
2025-07-07 15:11:40,051 - INFO - ------------------------------------------
2025-07-07 15:11:40,051 - INFO - ------------------------------------------
2025-07-07 15:11:40,052 - INFO - Processing adrso093, ad
2025-07-07 15:11:46,432 - INFO - ------------------------------------------
2025-07-07 15:11:46,432 - INFO - CORRECTLY PROCESSED ALL AUDIOS
2025-07-07 15:11:46,432 - INFO - Completed audios: 34
2025-07-07 15:11:46,433 - INFO - ------------------------------------------
2025-07-07 15:11:46,433 - INFO - ------------------------------------------
2025-07-07 15:11:46,433 - INFO - Processing adrso098, ad
2025-07-07 15:11:54,253 - INFO - ------------------------------------------
2025-07-07 15:11:54,253 - INFO - CORRECTLY PROCESSED ALL AUDIOS
2025-07-07 15:11:54,253 - INFO - Completed audios: 35
2025-07-07 15:11:54,253 - INFO - ------------------------------------------
2025-07-07 15:11:54,254 - INFO - ------------------------------------------
2025-07-07 15:11:54,254 - INFO - Processing adrso106, ad
2025-07-07 15:12:02,008 - INFO - ------------------------------------------
2025-07-07 15:12:02,008 - INFO - CORRECTLY PROCESSED ALL AUDIOS
2025-07-07 15:12:02,008 - INFO - Completed audios: 36
2025-07-07 15:12:02,008 - INFO - ------------------------------------------
2025-07-07 15:12:02,008 - INFO - ------------------------------------------
2025-07-07 15:12:02,008 - INFO - Processing adrso109, ad
2025-07-07 15:12:11,602 - INFO - ------------------------------------------
2025-07-07 15:12:11,602 - INFO - CORRECTLY PROCESSED ALL AUDIOS
2025-07-07 15:12:11,602 - INFO - Completed audios: 37
2025-07-07 15:12:11,602 - INFO - ------------------------------------------
2025-07-07 15:12:11,603 - INFO - ------------------------------------------
2025-07-07 15:12:11,603 - INFO - Processing adrso110, ad
2025-07-07 15:12:19,230 - INFO - ------------------------------------------
2025-07-07 15:12:19,231 - INFO - CORRECTLY PROCESSED ALL AUDIOS
2025-07-07 15:12:19,231 - INFO - Completed audios: 38
2025-07-07 15:12:19,231 - INFO - ------------------------------------------
2025-07-07 15:12:19,231 - INFO - ------------------------------------------
2025-07-07 15:12:19,232 - INFO - Processing adrso112, ad
2025-07-07 15:12:24,168 - INFO - ------------------------------------------
2025-07-07 15:12:24,168 - INFO - CORRECTLY PROCESSED ALL AUDIOS
2025-07-07 15:12:24,168 - INFO - Completed audios: 39
2025-07-07 15:12:24,169 - INFO - ------------------------------------------
2025-07-07 15:12:24,169 - INFO - ------------------------------------------
2025-07-07 15:12:24,169 - INFO - Processing adrso116, ad
2025-07-07 15:12:36,451 - INFO - ------------------------------------------
2025-07-07 15:12:36,451 - INFO - CORRECTLY PROCESSED ALL AUDIOS
2025-07-07 15:12:36,452 - INFO - Completed audios: 40
2025-07-07 15:12:36,452 - INFO - ------------------------------------------
2025-07-07 15:12:36,452 - INFO - ------------------------------------------
2025-07-07 15:12:36,452 - INFO - Processing adrso122, ad
2025-07-07 15:12:41,232 - INFO - ------------------------------------------
2025-07-07 15:12:41,233 - INFO - CORRECTLY PROCESSED ALL AUDIOS
2025-07-07 15:12:41,233 - INFO - Completed audios: 41
2025-07-07 15:12:41,233 - INFO - ------------------------------------------
2025-07-07 15:12:41,233 - INFO - ------------------------------------------
2025-07-07 15:12:41,233 - INFO - Processing adrso123, ad
2025-07-07 15:12:47,640 - INFO - ------------------------------------------
2025-07-07 15:12:47,640 - INFO - CORRECTLY PROCESSED ALL AUDIOS
2025-07-07 15:12:47,640 - INFO - Completed audios: 42
2025-07-07 15:12:47,641 - INFO - ------------------------------------------
2025-07-07 15:12:47,641 - INFO - ------------------------------------------
2025-07-07 15:12:47,641 - INFO - Processing adrso125, ad
2025-07-07 15:12:52,215 - INFO - ------------------------------------------
2025-07-07 15:12:52,216 - INFO - CORRECTLY PROCESSED ALL AUDIOS
2025-07-07 15:12:52,216 - INFO - Completed audios: 43
2025-07-07 15:12:52,216 - INFO - ------------------------------------------
2025-07-07 15:12:52,216 - INFO - ------------------------------------------
2025-07-07 15:12:52,216 - INFO - Processing adrso126, ad
2025-07-07 15:12:56,864 - INFO - ------------------------------------------
2025-07-07 15:12:56,865 - INFO - CORRECTLY PROCESSED ALL AUDIOS
2025-07-07 15:12:56,865 - INFO - Completed audios: 44
2025-07-07 15:12:56,865 - INFO - ------------------------------------------
2025-07-07 15:12:56,865 - INFO - ------------------------------------------
2025-07-07 15:12:56,865 - INFO - Processing adrso128, ad
2025-07-07 15:13:06,205 - INFO - ------------------------------------------
2025-07-07 15:13:06,205 - INFO - CORRECTLY PROCESSED ALL AUDIOS
2025-07-07 15:13:06,205 - INFO - Completed audios: 45
2025-07-07 15:13:06,205 - INFO - ------------------------------------------
2025-07-07 15:13:06,205 - INFO - ------------------------------------------
2025-07-07 15:13:06,206 - INFO - Processing adrso130, ad
2025-07-07 15:13:08,905 - INFO - ------------------------------------------
2025-07-07 15:13:08,905 - INFO - CORRECTLY PROCESSED ALL AUDIOS
2025-07-07 15:13:08,905 - INFO - Completed audios: 46
2025-07-07 15:13:08,905 - INFO - ------------------------------------------
2025-07-07 15:13:08,905 - INFO - ------------------------------------------
2025-07-07 15:13:08,906 - INFO - Processing adrso134, ad
2025-07-07 15:13:12,295 - INFO - ------------------------------------------
2025-07-07 15:13:12,295 - INFO - CORRECTLY PROCESSED ALL AUDIOS
2025-07-07 15:13:12,295 - INFO - Completed audios: 47
2025-07-07 15:13:12,296 - INFO - ------------------------------------------
2025-07-07 15:13:12,296 - INFO - ------------------------------------------
2025-07-07 15:13:12,296 - INFO - Processing adrso138, ad
2025-07-07 15:13:18,407 - INFO - ------------------------------------------
2025-07-07 15:13:18,407 - INFO - CORRECTLY PROCESSED ALL AUDIOS
2025-07-07 15:13:18,407 - INFO - Completed audios: 48
2025-07-07 15:13:18,407 - INFO - ------------------------------------------
2025-07-07 15:13:18,407 - INFO - ------------------------------------------
2025-07-07 15:13:18,407 - INFO - Processing adrso141, ad
2025-07-07 15:13:21,567 - INFO - ------------------------------------------
2025-07-07 15:13:21,567 - INFO - CORRECTLY PROCESSED ALL AUDIOS
2025-07-07 15:13:21,567 - INFO - Completed audios: 49
2025-07-07 15:13:21,567 - INFO - ------------------------------------------
2025-07-07 15:13:21,567 - INFO - ------------------------------------------
2025-07-07 15:13:21,568 - INFO - Processing adrso142, ad
2025-07-07 15:13:24,192 - INFO - ------------------------------------------
2025-07-07 15:13:24,192 - INFO - CORRECTLY PROCESSED ALL AUDIOS
2025-07-07 15:13:24,192 - INFO - Completed audios: 50
2025-07-07 15:13:24,192 - INFO - ------------------------------------------
2025-07-07 15:13:24,192 - INFO - ------------------------------------------
2025-07-07 15:13:24,192 - INFO - Processing adrso144, ad
2025-07-07 15:13:31,027 - INFO - ------------------------------------------
2025-07-07 15:13:31,027 - INFO - CORRECTLY PROCESSED ALL AUDIOS
2025-07-07 15:13:31,028 - INFO - Completed audios: 51
2025-07-07 15:13:31,028 - INFO - ------------------------------------------
2025-07-07 15:13:31,028 - INFO - ------------------------------------------
2025-07-07 15:13:31,028 - INFO - Processing adrso187, ad
2025-07-07 15:13:38,807 - INFO - ------------------------------------------
2025-07-07 15:13:38,807 - INFO - CORRECTLY PROCESSED ALL AUDIOS
2025-07-07 15:13:38,807 - INFO - Completed audios: 52
2025-07-07 15:13:38,807 - INFO - ------------------------------------------
2025-07-07 15:13:38,808 - INFO - ------------------------------------------
2025-07-07 15:13:38,808 - INFO - Processing adrso188, ad
2025-07-07 15:13:47,587 - INFO - ------------------------------------------
2025-07-07 15:13:47,587 - INFO - CORRECTLY PROCESSED ALL AUDIOS
2025-07-07 15:13:47,588 - INFO - Completed audios: 53
2025-07-07 15:13:47,588 - INFO - ------------------------------------------
2025-07-07 15:13:47,588 - INFO - ------------------------------------------
2025-07-07 15:13:47,588 - INFO - Processing adrso189, ad
2025-07-07 15:13:52,733 - INFO - ------------------------------------------
2025-07-07 15:13:52,733 - INFO - CORRECTLY PROCESSED ALL AUDIOS
2025-07-07 15:13:52,733 - INFO - Completed audios: 54
2025-07-07 15:13:52,733 - INFO - ------------------------------------------
2025-07-07 15:13:52,733 - INFO - ------------------------------------------
2025-07-07 15:13:52,733 - INFO - Processing adrso190, ad
2025-07-07 15:14:05,142 - INFO - ------------------------------------------
2025-07-07 15:14:05,143 - INFO - CORRECTLY PROCESSED ALL AUDIOS
2025-07-07 15:14:05,143 - INFO - Completed audios: 55
2025-07-07 15:14:05,143 - INFO - ------------------------------------------
2025-07-07 15:14:05,143 - INFO - ------------------------------------------
2025-07-07 15:14:05,143 - INFO - Processing adrso192, ad
2025-07-07 15:14:18,831 - INFO - ------------------------------------------
2025-07-07 15:14:18,831 - INFO - CORRECTLY PROCESSED ALL AUDIOS
2025-07-07 15:14:18,831 - INFO - Completed audios: 56
2025-07-07 15:14:18,831 - INFO - ------------------------------------------
2025-07-07 15:14:18,832 - INFO - ------------------------------------------
2025-07-07 15:14:18,832 - INFO - Processing adrso197, ad
2025-07-07 15:14:27,047 - INFO - ------------------------------------------
2025-07-07 15:14:27,048 - INFO - CORRECTLY PROCESSED ALL AUDIOS
2025-07-07 15:14:27,048 - INFO - Completed audios: 57
2025-07-07 15:14:27,048 - INFO - ------------------------------------------
2025-07-07 15:14:27,048 - INFO - ------------------------------------------
2025-07-07 15:14:27,048 - INFO - Processing adrso198, ad
2025-07-07 15:14:41,772 - INFO - ------------------------------------------
2025-07-07 15:14:41,772 - INFO - CORRECTLY PROCESSED ALL AUDIOS
2025-07-07 15:14:41,773 - INFO - Completed audios: 58
2025-07-07 15:14:41,773 - INFO - ------------------------------------------
2025-07-07 15:14:41,773 - INFO - ------------------------------------------
2025-07-07 15:14:41,773 - INFO - Processing adrso200, ad
2025-07-07 15:14:57,621 - INFO - ------------------------------------------
2025-07-07 15:14:57,622 - INFO - CORRECTLY PROCESSED ALL AUDIOS
2025-07-07 15:14:57,622 - INFO - Completed audios: 59
2025-07-07 15:14:57,622 - INFO - ------------------------------------------
2025-07-07 15:14:57,622 - INFO - ------------------------------------------
2025-07-07 15:14:57,622 - INFO - Processing adrso202, ad
2025-07-07 15:15:09,729 - INFO - ------------------------------------------
2025-07-07 15:15:09,730 - INFO - CORRECTLY PROCESSED ALL AUDIOS
2025-07-07 15:15:09,730 - INFO - Completed audios: 60
2025-07-07 15:15:09,731 - INFO - ------------------------------------------
2025-07-07 15:15:09,731 - INFO - ------------------------------------------
2025-07-07 15:15:09,731 - INFO - Processing adrso205, ad
2025-07-07 15:15:16,739 - INFO - ------------------------------------------
2025-07-07 15:15:16,740 - INFO - CORRECTLY PROCESSED ALL AUDIOS
2025-07-07 15:15:16,740 - INFO - Completed audios: 61
2025-07-07 15:15:16,740 - INFO - ------------------------------------------
2025-07-07 15:15:16,740 - INFO - ------------------------------------------
2025-07-07 15:15:16,740 - INFO - Processing adrso206, ad
2025-07-07 15:15:25,114 - INFO - ------------------------------------------
2025-07-07 15:15:25,114 - INFO - CORRECTLY PROCESSED ALL AUDIOS
2025-07-07 15:15:25,114 - INFO - Completed audios: 62
2025-07-07 15:15:25,114 - INFO - ------------------------------------------
2025-07-07 15:15:25,114 - INFO - ------------------------------------------
2025-07-07 15:15:25,114 - INFO - Processing adrso209, ad
2025-07-07 15:15:40,195 - INFO - ------------------------------------------
2025-07-07 15:15:40,196 - INFO - CORRECTLY PROCESSED ALL AUDIOS
2025-07-07 15:15:40,196 - INFO - Completed audios: 63
2025-07-07 15:15:40,196 - INFO - ------------------------------------------
2025-07-07 15:15:40,196 - INFO - ------------------------------------------
2025-07-07 15:15:40,196 - INFO - Processing adrso211, ad
2025-07-07 15:15:46,365 - INFO - ------------------------------------------
2025-07-07 15:15:46,365 - INFO - CORRECTLY PROCESSED ALL AUDIOS
2025-07-07 15:15:46,365 - INFO - Completed audios: 64
2025-07-07 15:15:46,365 - INFO - ------------------------------------------
2025-07-07 15:15:46,365 - INFO - ------------------------------------------
2025-07-07 15:15:46,365 - INFO - Processing adrso212, ad
2025-07-07 15:15:58,117 - INFO - ------------------------------------------
2025-07-07 15:15:58,118 - INFO - CORRECTLY PROCESSED ALL AUDIOS
2025-07-07 15:15:58,118 - INFO - Completed audios: 65
2025-07-07 15:15:58,118 - INFO - ------------------------------------------
2025-07-07 15:15:58,118 - INFO - ------------------------------------------
2025-07-07 15:15:58,118 - INFO - Processing adrso215, ad
2025-07-07 15:16:06,253 - INFO - ------------------------------------------
2025-07-07 15:16:06,254 - INFO - CORRECTLY PROCESSED ALL AUDIOS
2025-07-07 15:16:06,254 - INFO - Completed audios: 66
2025-07-07 15:16:06,254 - INFO - ------------------------------------------
2025-07-07 15:16:06,254 - INFO - ------------------------------------------
2025-07-07 15:16:06,254 - INFO - Processing adrso216, ad
2025-07-07 15:16:36,004 - INFO - ------------------------------------------
2025-07-07 15:16:36,004 - INFO - CORRECTLY PROCESSED ALL AUDIOS
2025-07-07 15:16:36,004 - INFO - Completed audios: 67
2025-07-07 15:16:36,004 - INFO - ------------------------------------------
2025-07-07 15:16:36,005 - INFO - ------------------------------------------
2025-07-07 15:16:36,005 - INFO - Processing adrso218, ad
2025-07-07 15:16:41,161 - INFO - ------------------------------------------
2025-07-07 15:16:41,161 - INFO - CORRECTLY PROCESSED ALL AUDIOS
2025-07-07 15:16:41,162 - INFO - Completed audios: 68
2025-07-07 15:16:41,162 - INFO - ------------------------------------------
2025-07-07 15:16:41,162 - INFO - ------------------------------------------
2025-07-07 15:16:41,162 - INFO - Processing adrso220, ad
2025-07-07 15:16:54,682 - INFO - ------------------------------------------
2025-07-07 15:16:54,682 - INFO - CORRECTLY PROCESSED ALL AUDIOS
2025-07-07 15:16:54,683 - INFO - Completed audios: 69
2025-07-07 15:16:54,683 - INFO - ------------------------------------------
2025-07-07 15:16:54,683 - INFO - ------------------------------------------
2025-07-07 15:16:54,683 - INFO - Processing adrso222, ad
2025-07-07 15:16:58,579 - INFO - ------------------------------------------
2025-07-07 15:16:58,579 - INFO - CORRECTLY PROCESSED ALL AUDIOS
2025-07-07 15:16:58,579 - INFO - Completed audios: 70
2025-07-07 15:16:58,579 - INFO - ------------------------------------------
2025-07-07 15:16:58,579 - INFO - ------------------------------------------
2025-07-07 15:16:58,579 - INFO - Processing adrso223, ad
2025-07-07 15:17:09,560 - INFO - ------------------------------------------
2025-07-07 15:17:09,561 - INFO - CORRECTLY PROCESSED ALL AUDIOS
2025-07-07 15:17:09,561 - INFO - Completed audios: 71
2025-07-07 15:17:09,561 - INFO - ------------------------------------------
2025-07-07 15:17:09,561 - INFO - ------------------------------------------
2025-07-07 15:17:09,561 - INFO - Processing adrso224, ad
2025-07-07 15:17:15,838 - INFO - ------------------------------------------
2025-07-07 15:17:15,838 - INFO - CORRECTLY PROCESSED ALL AUDIOS
2025-07-07 15:17:15,838 - INFO - Completed audios: 72
2025-07-07 15:17:15,838 - INFO - ------------------------------------------
2025-07-07 15:17:15,838 - INFO - ------------------------------------------
2025-07-07 15:17:15,839 - INFO - Processing adrso228, ad
2025-07-07 15:17:21,821 - INFO - ------------------------------------------
2025-07-07 15:17:21,821 - INFO - CORRECTLY PROCESSED ALL AUDIOS
2025-07-07 15:17:21,822 - INFO - Completed audios: 73
2025-07-07 15:17:21,822 - INFO - ------------------------------------------
2025-07-07 15:17:21,822 - INFO - ------------------------------------------
2025-07-07 15:17:21,822 - INFO - Processing adrso229, ad
2025-07-07 15:17:32,617 - INFO - ------------------------------------------
2025-07-07 15:17:32,617 - INFO - CORRECTLY PROCESSED ALL AUDIOS
2025-07-07 15:17:32,617 - INFO - Completed audios: 74
2025-07-07 15:17:32,617 - INFO - ------------------------------------------
2025-07-07 15:17:32,617 - INFO - ------------------------------------------
2025-07-07 15:17:32,617 - INFO - Processing adrso232, ad
2025-07-07 15:17:40,704 - INFO - ------------------------------------------
2025-07-07 15:17:40,704 - INFO - CORRECTLY PROCESSED ALL AUDIOS
2025-07-07 15:17:40,704 - INFO - Completed audios: 75
2025-07-07 15:17:40,705 - INFO - ------------------------------------------
2025-07-07 15:17:40,705 - INFO - ------------------------------------------
2025-07-07 15:17:40,705 - INFO - Processing adrso233, ad
2025-07-07 15:17:49,425 - INFO - ------------------------------------------
2025-07-07 15:17:49,425 - INFO - CORRECTLY PROCESSED ALL AUDIOS
2025-07-07 15:17:49,425 - INFO - Completed audios: 76
2025-07-07 15:17:49,426 - INFO - ------------------------------------------
2025-07-07 15:17:49,426 - INFO - ------------------------------------------
2025-07-07 15:17:49,426 - INFO - Processing adrso234, ad
2025-07-07 15:17:55,728 - INFO - ------------------------------------------
2025-07-07 15:17:55,728 - INFO - CORRECTLY PROCESSED ALL AUDIOS
2025-07-07 15:17:55,728 - INFO - Completed audios: 77
2025-07-07 15:17:55,728 - INFO - ------------------------------------------
2025-07-07 15:17:55,728 - INFO - ------------------------------------------
2025-07-07 15:17:55,728 - INFO - Processing adrso236, ad
2025-07-07 15:18:00,003 - INFO - ------------------------------------------
2025-07-07 15:18:00,004 - INFO - CORRECTLY PROCESSED ALL AUDIOS
2025-07-07 15:18:00,004 - INFO - Completed audios: 78
2025-07-07 15:18:00,004 - INFO - ------------------------------------------
2025-07-07 15:18:00,004 - INFO - ------------------------------------------
2025-07-07 15:18:00,004 - INFO - Processing adrso237, ad
2025-07-07 15:18:04,780 - INFO - ------------------------------------------
2025-07-07 15:18:04,780 - INFO - CORRECTLY PROCESSED ALL AUDIOS
2025-07-07 15:18:04,781 - INFO - Completed audios: 79
2025-07-07 15:18:04,781 - INFO - ------------------------------------------
2025-07-07 15:18:04,781 - INFO - ------------------------------------------
2025-07-07 15:18:04,781 - INFO - Processing adrso244, ad
2025-07-07 15:18:12,193 - INFO - ------------------------------------------
2025-07-07 15:18:12,193 - INFO - CORRECTLY PROCESSED ALL AUDIOS
2025-07-07 15:18:12,193 - INFO - Completed audios: 80
2025-07-07 15:18:12,193 - INFO - ------------------------------------------
2025-07-07 15:18:12,193 - INFO - ------------------------------------------
2025-07-07 15:18:12,193 - INFO - Processing adrso245, ad
2025-07-07 15:18:15,945 - INFO - ------------------------------------------
2025-07-07 15:18:15,945 - INFO - CORRECTLY PROCESSED ALL AUDIOS
2025-07-07 15:18:15,945 - INFO - Completed audios: 81
2025-07-07 15:18:15,945 - INFO - ------------------------------------------
2025-07-07 15:18:15,945 - INFO - ------------------------------------------
2025-07-07 15:18:15,946 - INFO - Processing adrso246, ad
2025-07-07 15:18:20,949 - INFO - ------------------------------------------
2025-07-07 15:18:20,949 - INFO - CORRECTLY PROCESSED ALL AUDIOS
2025-07-07 15:18:20,949 - INFO - Completed audios: 82
2025-07-07 15:18:20,950 - INFO - ------------------------------------------
2025-07-07 15:18:20,950 - INFO - ------------------------------------------
2025-07-07 15:18:20,950 - INFO - Processing adrso247, ad
2025-07-07 15:18:27,498 - INFO - ------------------------------------------
2025-07-07 15:18:27,499 - INFO - CORRECTLY PROCESSED ALL AUDIOS
2025-07-07 15:18:27,499 - INFO - Completed audios: 83
2025-07-07 15:18:27,499 - INFO - ------------------------------------------
2025-07-07 15:18:27,499 - INFO - ------------------------------------------
2025-07-07 15:18:27,499 - INFO - Processing adrso248, ad
2025-07-07 15:18:34,299 - INFO - ------------------------------------------
2025-07-07 15:18:34,300 - INFO - CORRECTLY PROCESSED ALL AUDIOS
2025-07-07 15:18:34,300 - INFO - Completed audios: 84
2025-07-07 15:18:34,300 - INFO - ------------------------------------------
2025-07-07 15:18:34,300 - INFO - ------------------------------------------
2025-07-07 15:18:34,300 - INFO - Processing adrso249, ad
2025-07-07 15:18:37,708 - INFO - ------------------------------------------
2025-07-07 15:18:37,708 - INFO - CORRECTLY PROCESSED ALL AUDIOS
2025-07-07 15:18:37,708 - INFO - Completed audios: 85
2025-07-07 15:18:37,708 - INFO - ------------------------------------------
2025-07-07 15:18:37,708 - INFO - ------------------------------------------
2025-07-07 15:18:37,708 - INFO - Processing adrso250, ad
2025-07-07 15:18:45,569 - INFO - ------------------------------------------
2025-07-07 15:18:45,569 - INFO - CORRECTLY PROCESSED ALL AUDIOS
2025-07-07 15:18:45,569 - INFO - Completed audios: 86
2025-07-07 15:18:45,569 - INFO - ------------------------------------------
2025-07-07 15:18:45,569 - INFO - ------------------------------------------
2025-07-07 15:18:45,570 - INFO - Processing adrso253, ad
2025-07-07 15:18:51,869 - INFO - ------------------------------------------
2025-07-07 15:18:51,869 - INFO - CORRECTLY PROCESSED ALL AUDIOS
2025-07-07 15:18:51,869 - INFO - Completed audios: 87
2025-07-07 15:18:51,870 - INFO - ------------------------------------------
2025-07-07 15:18:51,870 - INFO - ------------------------------------------
2025-07-07 15:18:51,870 - INFO - Processing adrso002, cn
2025-07-07 15:18:58,828 - INFO - ------------------------------------------
2025-07-07 15:18:58,828 - INFO - CORRECTLY PROCESSED ALL AUDIOS
2025-07-07 15:18:58,828 - INFO - Completed audios: 88
2025-07-07 15:18:58,828 - INFO - ------------------------------------------
2025-07-07 15:18:58,828 - INFO - ------------------------------------------
2025-07-07 15:18:58,828 - INFO - Processing adrso003, cn
2025-07-07 15:19:01,366 - INFO - ------------------------------------------
2025-07-07 15:19:01,366 - INFO - CORRECTLY PROCESSED ALL AUDIOS
2025-07-07 15:19:01,366 - INFO - Completed audios: 89
2025-07-07 15:19:01,366 - INFO - ------------------------------------------
2025-07-07 15:19:01,366 - INFO - ------------------------------------------
2025-07-07 15:19:01,366 - INFO - Processing adrso005, cn
2025-07-07 15:19:06,650 - INFO - ------------------------------------------
2025-07-07 15:19:06,650 - INFO - CORRECTLY PROCESSED ALL AUDIOS
2025-07-07 15:19:06,650 - INFO - Completed audios: 90
2025-07-07 15:19:06,650 - INFO - ------------------------------------------
2025-07-07 15:19:06,650 - INFO - ------------------------------------------
2025-07-07 15:19:06,650 - INFO - Processing adrso007, cn
2025-07-07 15:19:08,369 - INFO - ------------------------------------------
2025-07-07 15:19:08,369 - INFO - CORRECTLY PROCESSED ALL AUDIOS
2025-07-07 15:19:08,369 - INFO - Completed audios: 91
2025-07-07 15:19:08,369 - INFO - ------------------------------------------
2025-07-07 15:19:08,369 - INFO - ------------------------------------------
2025-07-07 15:19:08,369 - INFO - Processing adrso008, cn
2025-07-07 15:19:12,484 - INFO - ------------------------------------------
2025-07-07 15:19:12,485 - INFO - CORRECTLY PROCESSED ALL AUDIOS
2025-07-07 15:19:12,485 - INFO - Completed audios: 92
2025-07-07 15:19:12,485 - INFO - ------------------------------------------
2025-07-07 15:19:12,485 - INFO - ------------------------------------------
2025-07-07 15:19:12,485 - INFO - Processing adrso010, cn
2025-07-07 15:19:13,759 - INFO - ------------------------------------------
2025-07-07 15:19:13,759 - INFO - CORRECTLY PROCESSED ALL AUDIOS
2025-07-07 15:19:13,759 - INFO - Completed audios: 93
2025-07-07 15:19:13,759 - INFO - ------------------------------------------
2025-07-07 15:19:13,759 - INFO - ------------------------------------------
2025-07-07 15:19:13,759 - INFO - Processing adrso012, cn
2025-07-07 15:19:19,568 - INFO - ------------------------------------------
2025-07-07 15:19:19,569 - INFO - CORRECTLY PROCESSED ALL AUDIOS
2025-07-07 15:19:19,569 - INFO - Completed audios: 94
2025-07-07 15:19:19,569 - INFO - ------------------------------------------
2025-07-07 15:19:19,569 - INFO - ------------------------------------------
2025-07-07 15:19:19,569 - INFO - Processing adrso014, cn
2025-07-07 15:19:25,324 - INFO - ------------------------------------------
2025-07-07 15:19:25,324 - INFO - CORRECTLY PROCESSED ALL AUDIOS
2025-07-07 15:19:25,324 - INFO - Completed audios: 95
2025-07-07 15:19:25,324 - INFO - ------------------------------------------
2025-07-07 15:19:25,324 - INFO - ------------------------------------------
2025-07-07 15:19:25,324 - INFO - Processing adrso015, cn
2025-07-07 15:19:32,181 - INFO - ------------------------------------------
2025-07-07 15:19:32,182 - INFO - CORRECTLY PROCESSED ALL AUDIOS
2025-07-07 15:19:32,182 - INFO - Completed audios: 96
2025-07-07 15:19:32,182 - INFO - ------------------------------------------
2025-07-07 15:19:32,182 - INFO - ------------------------------------------
2025-07-07 15:19:32,182 - INFO - Processing adrso016, cn
2025-07-07 15:19:35,240 - INFO - ------------------------------------------
2025-07-07 15:19:35,240 - INFO - CORRECTLY PROCESSED ALL AUDIOS
2025-07-07 15:19:35,241 - INFO - Completed audios: 97
2025-07-07 15:19:35,241 - INFO - ------------------------------------------
2025-07-07 15:19:35,241 - INFO - ------------------------------------------
2025-07-07 15:19:35,241 - INFO - Processing adrso017, cn
2025-07-07 15:19:41,589 - INFO - ------------------------------------------
2025-07-07 15:19:41,589 - INFO - CORRECTLY PROCESSED ALL AUDIOS
2025-07-07 15:19:41,589 - INFO - Completed audios: 98
2025-07-07 15:19:41,589 - INFO - ------------------------------------------
2025-07-07 15:19:41,590 - INFO - ------------------------------------------
2025-07-07 15:19:41,590 - INFO - Processing adrso018, cn
2025-07-07 15:19:47,082 - INFO - ------------------------------------------
2025-07-07 15:19:47,083 - INFO - CORRECTLY PROCESSED ALL AUDIOS
2025-07-07 15:19:47,083 - INFO - Completed audios: 99
2025-07-07 15:19:47,083 - INFO - ------------------------------------------
2025-07-07 15:19:47,083 - INFO - ------------------------------------------
2025-07-07 15:19:47,083 - INFO - Processing adrso019, cn
2025-07-07 15:19:51,002 - INFO - ------------------------------------------
2025-07-07 15:19:51,002 - INFO - CORRECTLY PROCESSED ALL AUDIOS
2025-07-07 15:19:51,002 - INFO - Completed audios: 100
2025-07-07 15:19:51,002 - INFO - ------------------------------------------
2025-07-07 15:19:51,003 - INFO - ------------------------------------------
2025-07-07 15:19:51,003 - INFO - Processing adrso021, cn
2025-07-07 15:19:57,802 - INFO - ------------------------------------------
2025-07-07 15:19:57,802 - INFO - CORRECTLY PROCESSED ALL AUDIOS
2025-07-07 15:19:57,802 - INFO - Completed audios: 101
2025-07-07 15:19:57,802 - INFO - ------------------------------------------
2025-07-07 15:19:57,803 - INFO - ------------------------------------------
2025-07-07 15:19:57,803 - INFO - Processing adrso022, cn
2025-07-07 15:20:00,124 - INFO - ------------------------------------------
2025-07-07 15:20:00,124 - INFO - CORRECTLY PROCESSED ALL AUDIOS
2025-07-07 15:20:00,124 - INFO - Completed audios: 102
2025-07-07 15:20:00,125 - INFO - ------------------------------------------
2025-07-07 15:20:00,125 - INFO - ------------------------------------------
2025-07-07 15:20:00,125 - INFO - Processing adrso023, cn
2025-07-07 15:20:04,320 - INFO - ------------------------------------------
2025-07-07 15:20:04,321 - INFO - CORRECTLY PROCESSED ALL AUDIOS
2025-07-07 15:20:04,321 - INFO - Completed audios: 103
2025-07-07 15:20:04,321 - INFO - ------------------------------------------
2025-07-07 15:20:04,321 - INFO - ------------------------------------------
2025-07-07 15:20:04,321 - INFO - Processing adrso148, cn
2025-07-07 15:20:14,140 - INFO - ------------------------------------------
2025-07-07 15:20:14,140 - INFO - CORRECTLY PROCESSED ALL AUDIOS
2025-07-07 15:20:14,140 - INFO - Completed audios: 104
2025-07-07 15:20:14,140 - INFO - ------------------------------------------
2025-07-07 15:20:14,140 - INFO - ------------------------------------------
2025-07-07 15:20:14,140 - INFO - Processing adrso151, cn
2025-07-07 15:20:19,326 - INFO - ------------------------------------------
2025-07-07 15:20:19,326 - INFO - CORRECTLY PROCESSED ALL AUDIOS
2025-07-07 15:20:19,326 - INFO - Completed audios: 105
2025-07-07 15:20:19,327 - INFO - ------------------------------------------
2025-07-07 15:20:19,327 - INFO - ------------------------------------------
2025-07-07 15:20:19,327 - INFO - Processing adrso152, cn
2025-07-07 15:20:24,955 - INFO - ------------------------------------------
2025-07-07 15:20:24,955 - INFO - CORRECTLY PROCESSED ALL AUDIOS
2025-07-07 15:20:24,955 - INFO - Completed audios: 106
2025-07-07 15:20:24,956 - INFO - ------------------------------------------
2025-07-07 15:20:24,956 - INFO - ------------------------------------------
2025-07-07 15:20:24,956 - INFO - Processing adrso153, cn
2025-07-07 15:20:35,520 - INFO - ------------------------------------------
2025-07-07 15:20:35,520 - INFO - CORRECTLY PROCESSED ALL AUDIOS
2025-07-07 15:20:35,520 - INFO - Completed audios: 107
2025-07-07 15:20:35,520 - INFO - ------------------------------------------
2025-07-07 15:20:35,521 - INFO - ------------------------------------------
2025-07-07 15:20:35,521 - INFO - Processing adrso154, cn
2025-07-07 15:20:39,948 - INFO - ------------------------------------------
2025-07-07 15:20:39,949 - INFO - CORRECTLY PROCESSED ALL AUDIOS
2025-07-07 15:20:39,949 - INFO - Completed audios: 108
2025-07-07 15:20:39,949 - INFO - ------------------------------------------
2025-07-07 15:20:39,949 - INFO - ------------------------------------------
2025-07-07 15:20:39,949 - INFO - Processing adrso156, cn
2025-07-07 15:20:45,708 - INFO - ------------------------------------------
2025-07-07 15:20:45,708 - INFO - CORRECTLY PROCESSED ALL AUDIOS
2025-07-07 15:20:45,708 - INFO - Completed audios: 109
2025-07-07 15:20:45,708 - INFO - ------------------------------------------
2025-07-07 15:20:45,708 - INFO - ------------------------------------------
2025-07-07 15:20:45,709 - INFO - Processing adrso157, cn
2025-07-07 15:20:51,916 - INFO - ------------------------------------------
2025-07-07 15:20:51,917 - INFO - CORRECTLY PROCESSED ALL AUDIOS
2025-07-07 15:20:51,917 - INFO - Completed audios: 110
2025-07-07 15:20:51,917 - INFO - ------------------------------------------
2025-07-07 15:20:51,917 - INFO - ------------------------------------------
2025-07-07 15:20:51,917 - INFO - Processing adrso158, cn
2025-07-07 15:20:57,778 - INFO - ------------------------------------------
2025-07-07 15:20:57,778 - INFO - CORRECTLY PROCESSED ALL AUDIOS
2025-07-07 15:20:57,778 - INFO - Completed audios: 111
2025-07-07 15:20:57,778 - INFO - ------------------------------------------
2025-07-07 15:20:57,778 - INFO - ------------------------------------------
2025-07-07 15:20:57,779 - INFO - Processing adrso159, cn
2025-07-07 15:21:01,900 - INFO - ------------------------------------------
2025-07-07 15:21:01,900 - INFO - CORRECTLY PROCESSED ALL AUDIOS
2025-07-07 15:21:01,900 - INFO - Completed audios: 112
2025-07-07 15:21:01,900 - INFO - ------------------------------------------
2025-07-07 15:21:01,900 - INFO - ------------------------------------------
2025-07-07 15:21:01,900 - INFO - Processing adrso160, cn
2025-07-07 15:21:05,709 - INFO - ------------------------------------------
2025-07-07 15:21:05,710 - INFO - CORRECTLY PROCESSED ALL AUDIOS
2025-07-07 15:21:05,710 - INFO - Completed audios: 113
2025-07-07 15:21:05,710 - INFO - ------------------------------------------
2025-07-07 15:21:05,710 - INFO - ------------------------------------------
2025-07-07 15:21:05,710 - INFO - Processing adrso161, cn
2025-07-07 15:21:08,053 - INFO - ------------------------------------------
2025-07-07 15:21:08,053 - INFO - CORRECTLY PROCESSED ALL AUDIOS
2025-07-07 15:21:08,053 - INFO - Completed audios: 114
2025-07-07 15:21:08,053 - INFO - ------------------------------------------
2025-07-07 15:21:08,053 - INFO - ------------------------------------------
2025-07-07 15:21:08,053 - INFO - Processing adrso162, cn
2025-07-07 15:21:14,202 - INFO - ------------------------------------------
2025-07-07 15:21:14,202 - INFO - CORRECTLY PROCESSED ALL AUDIOS
2025-07-07 15:21:14,202 - INFO - Completed audios: 115
2025-07-07 15:21:14,203 - INFO - ------------------------------------------
2025-07-07 15:21:14,203 - INFO - ------------------------------------------
2025-07-07 15:21:14,203 - INFO - Processing adrso164, cn
2025-07-07 15:21:26,290 - INFO - ------------------------------------------
2025-07-07 15:21:26,290 - INFO - CORRECTLY PROCESSED ALL AUDIOS
2025-07-07 15:21:26,290 - INFO - Completed audios: 116
2025-07-07 15:21:26,291 - INFO - ------------------------------------------
2025-07-07 15:21:26,291 - INFO - ------------------------------------------
2025-07-07 15:21:26,291 - INFO - Processing adrso165, cn
2025-07-07 15:21:31,425 - INFO - ------------------------------------------
2025-07-07 15:21:31,425 - INFO - CORRECTLY PROCESSED ALL AUDIOS
2025-07-07 15:21:31,425 - INFO - Completed audios: 117
2025-07-07 15:21:31,425 - INFO - ------------------------------------------
2025-07-07 15:21:31,426 - INFO - ------------------------------------------
2025-07-07 15:21:31,426 - INFO - Processing adrso167, cn
2025-07-07 15:21:40,078 - INFO - ------------------------------------------
2025-07-07 15:21:40,078 - INFO - CORRECTLY PROCESSED ALL AUDIOS
2025-07-07 15:21:40,079 - INFO - Completed audios: 118
2025-07-07 15:21:40,079 - INFO - ------------------------------------------
2025-07-07 15:21:40,079 - INFO - ------------------------------------------
2025-07-07 15:21:40,079 - INFO - Processing adrso168, cn
2025-07-07 15:21:49,300 - INFO - ------------------------------------------
2025-07-07 15:21:49,300 - INFO - CORRECTLY PROCESSED ALL AUDIOS
2025-07-07 15:21:49,301 - INFO - Completed audios: 119
2025-07-07 15:21:49,301 - INFO - ------------------------------------------
2025-07-07 15:21:49,301 - INFO - ------------------------------------------
2025-07-07 15:21:49,301 - INFO - Processing adrso169, cn
2025-07-07 15:21:52,517 - INFO - ------------------------------------------
2025-07-07 15:21:52,517 - INFO - CORRECTLY PROCESSED ALL AUDIOS
2025-07-07 15:21:52,517 - INFO - Completed audios: 120
2025-07-07 15:21:52,517 - INFO - ------------------------------------------
2025-07-07 15:21:52,518 - INFO - ------------------------------------------
2025-07-07 15:21:52,518 - INFO - Processing adrso170, cn
2025-07-07 15:21:55,872 - INFO - ------------------------------------------
2025-07-07 15:21:55,872 - INFO - CORRECTLY PROCESSED ALL AUDIOS
2025-07-07 15:21:55,872 - INFO - Completed audios: 121
2025-07-07 15:21:55,873 - INFO - ------------------------------------------
2025-07-07 15:21:55,873 - INFO - ------------------------------------------
2025-07-07 15:21:55,873 - INFO - Processing adrso172, cn
2025-07-07 15:22:05,780 - INFO - ------------------------------------------
2025-07-07 15:22:05,780 - INFO - CORRECTLY PROCESSED ALL AUDIOS
2025-07-07 15:22:05,780 - INFO - Completed audios: 122
2025-07-07 15:22:05,780 - INFO - ------------------------------------------
2025-07-07 15:22:05,780 - INFO - ------------------------------------------
2025-07-07 15:22:05,781 - INFO - Processing adrso173, cn
2025-07-07 15:22:13,161 - INFO - ------------------------------------------
2025-07-07 15:22:13,161 - INFO - CORRECTLY PROCESSED ALL AUDIOS
2025-07-07 15:22:13,161 - INFO - Completed audios: 123
2025-07-07 15:22:13,162 - INFO - ------------------------------------------
2025-07-07 15:22:13,162 - INFO - ------------------------------------------
2025-07-07 15:22:13,162 - INFO - Processing adrso177, cn
2025-07-07 15:22:20,284 - INFO - ------------------------------------------
2025-07-07 15:22:20,284 - INFO - CORRECTLY PROCESSED ALL AUDIOS
2025-07-07 15:22:20,284 - INFO - Completed audios: 124
2025-07-07 15:22:20,285 - INFO - ------------------------------------------
2025-07-07 15:22:20,285 - INFO - ------------------------------------------
2025-07-07 15:22:20,285 - INFO - Processing adrso178, cn
2025-07-07 15:22:24,771 - INFO - ------------------------------------------
2025-07-07 15:22:24,772 - INFO - CORRECTLY PROCESSED ALL AUDIOS
2025-07-07 15:22:24,772 - INFO - Completed audios: 125
2025-07-07 15:22:24,772 - INFO - ------------------------------------------
2025-07-07 15:22:24,772 - INFO - ------------------------------------------
2025-07-07 15:22:24,773 - INFO - Processing adrso180, cn
2025-07-07 15:22:29,921 - INFO - ------------------------------------------
2025-07-07 15:22:29,922 - INFO - CORRECTLY PROCESSED ALL AUDIOS
2025-07-07 15:22:29,922 - INFO - Completed audios: 126
2025-07-07 15:22:29,922 - INFO - ------------------------------------------
2025-07-07 15:22:29,922 - INFO - ------------------------------------------
2025-07-07 15:22:29,922 - INFO - Processing adrso182, cn
2025-07-07 15:22:37,952 - INFO - ------------------------------------------
2025-07-07 15:22:37,952 - INFO - CORRECTLY PROCESSED ALL AUDIOS
2025-07-07 15:22:37,952 - INFO - Completed audios: 127
2025-07-07 15:22:37,953 - INFO - ------------------------------------------
2025-07-07 15:22:37,953 - INFO - ------------------------------------------
2025-07-07 15:22:37,953 - INFO - Processing adrso183, cn
2025-07-07 15:22:48,181 - INFO - ------------------------------------------
2025-07-07 15:22:48,181 - INFO - CORRECTLY PROCESSED ALL AUDIOS
2025-07-07 15:22:48,181 - INFO - Completed audios: 128
2025-07-07 15:22:48,181 - INFO - ------------------------------------------
2025-07-07 15:22:48,182 - INFO - ------------------------------------------
2025-07-07 15:22:48,182 - INFO - Processing adrso186, cn
2025-07-07 15:22:51,602 - INFO - ------------------------------------------
2025-07-07 15:22:51,602 - INFO - CORRECTLY PROCESSED ALL AUDIOS
2025-07-07 15:22:51,602 - INFO - Completed audios: 129
2025-07-07 15:22:51,602 - INFO - ------------------------------------------
2025-07-07 15:22:51,603 - INFO - ------------------------------------------
2025-07-07 15:22:51,603 - INFO - Processing adrso257, cn
2025-07-07 15:22:56,447 - INFO - ------------------------------------------
2025-07-07 15:22:56,448 - INFO - CORRECTLY PROCESSED ALL AUDIOS
2025-07-07 15:22:56,448 - INFO - Completed audios: 130
2025-07-07 15:22:56,448 - INFO - ------------------------------------------
2025-07-07 15:22:56,448 - INFO - ------------------------------------------
2025-07-07 15:22:56,449 - INFO - Processing adrso259, cn
2025-07-07 15:23:04,108 - INFO - ------------------------------------------
2025-07-07 15:23:04,108 - INFO - CORRECTLY PROCESSED ALL AUDIOS
2025-07-07 15:23:04,109 - INFO - Completed audios: 131
2025-07-07 15:23:04,109 - INFO - ------------------------------------------
2025-07-07 15:23:04,109 - INFO - ------------------------------------------
2025-07-07 15:23:04,109 - INFO - Processing adrso260, cn
2025-07-07 15:23:08,987 - INFO - ------------------------------------------
2025-07-07 15:23:08,987 - INFO - CORRECTLY PROCESSED ALL AUDIOS
2025-07-07 15:23:08,987 - INFO - Completed audios: 132
2025-07-07 15:23:08,988 - INFO - ------------------------------------------
2025-07-07 15:23:08,988 - INFO - ------------------------------------------
2025-07-07 15:23:08,988 - INFO - Processing adrso261, cn
2025-07-07 15:23:15,804 - INFO - ------------------------------------------
2025-07-07 15:23:15,804 - INFO - CORRECTLY PROCESSED ALL AUDIOS
2025-07-07 15:23:15,804 - INFO - Completed audios: 133
2025-07-07 15:23:15,804 - INFO - ------------------------------------------
2025-07-07 15:23:15,805 - INFO - ------------------------------------------
2025-07-07 15:23:15,805 - INFO - Processing adrso262, cn
2025-07-07 15:23:19,580 - INFO - ------------------------------------------
2025-07-07 15:23:19,581 - INFO - CORRECTLY PROCESSED ALL AUDIOS
2025-07-07 15:23:19,581 - INFO - Completed audios: 134
2025-07-07 15:23:19,581 - INFO - ------------------------------------------
2025-07-07 15:23:19,581 - INFO - ------------------------------------------
2025-07-07 15:23:19,581 - INFO - Processing adrso263, cn
2025-07-07 15:23:23,167 - INFO - ------------------------------------------
2025-07-07 15:23:23,167 - INFO - CORRECTLY PROCESSED ALL AUDIOS
2025-07-07 15:23:23,167 - INFO - Completed audios: 135
2025-07-07 15:23:23,167 - INFO - ------------------------------------------
2025-07-07 15:23:23,167 - INFO - ------------------------------------------
2025-07-07 15:23:23,167 - INFO - Processing adrso264, cn
2025-07-07 15:23:30,772 - INFO - ------------------------------------------
2025-07-07 15:23:30,773 - INFO - CORRECTLY PROCESSED ALL AUDIOS
2025-07-07 15:23:30,773 - INFO - Completed audios: 136
2025-07-07 15:23:30,773 - INFO - ------------------------------------------
2025-07-07 15:23:30,774 - INFO - ------------------------------------------
2025-07-07 15:23:30,774 - INFO - Processing adrso265, cn
2025-07-07 15:23:41,764 - INFO - ------------------------------------------
2025-07-07 15:23:41,764 - INFO - CORRECTLY PROCESSED ALL AUDIOS
2025-07-07 15:23:41,764 - INFO - Completed audios: 137
2025-07-07 15:23:41,765 - INFO - ------------------------------------------
2025-07-07 15:23:41,765 - INFO - ------------------------------------------
2025-07-07 15:23:41,765 - INFO - Processing adrso266, cn
2025-07-07 15:23:46,899 - INFO - ------------------------------------------
2025-07-07 15:23:46,899 - INFO - CORRECTLY PROCESSED ALL AUDIOS
2025-07-07 15:23:46,899 - INFO - Completed audios: 138
2025-07-07 15:23:46,899 - INFO - ------------------------------------------
2025-07-07 15:23:46,899 - INFO - ------------------------------------------
2025-07-07 15:23:46,900 - INFO - Processing adrso267, cn
2025-07-07 15:23:50,685 - INFO - ------------------------------------------
2025-07-07 15:23:50,685 - INFO - CORRECTLY PROCESSED ALL AUDIOS
2025-07-07 15:23:50,686 - INFO - Completed audios: 139
2025-07-07 15:23:50,686 - INFO - ------------------------------------------
2025-07-07 15:23:50,686 - INFO - ------------------------------------------
2025-07-07 15:23:50,686 - INFO - Processing adrso268, cn
2025-07-07 15:23:57,526 - INFO - ------------------------------------------
2025-07-07 15:23:57,527 - INFO - CORRECTLY PROCESSED ALL AUDIOS
2025-07-07 15:23:57,527 - INFO - Completed audios: 140
2025-07-07 15:23:57,527 - INFO - ------------------------------------------
2025-07-07 15:23:57,527 - INFO - ------------------------------------------
2025-07-07 15:23:57,527 - INFO - Processing adrso270, cn
2025-07-07 15:24:04,589 - INFO - ------------------------------------------
2025-07-07 15:24:04,589 - INFO - CORRECTLY PROCESSED ALL AUDIOS
2025-07-07 15:24:04,589 - INFO - Completed audios: 141
2025-07-07 15:24:04,589 - INFO - ------------------------------------------
2025-07-07 15:24:04,589 - INFO - ------------------------------------------
2025-07-07 15:24:04,590 - INFO - Processing adrso273, cn
2025-07-07 15:24:09,642 - INFO - ------------------------------------------
2025-07-07 15:24:09,642 - INFO - CORRECTLY PROCESSED ALL AUDIOS
2025-07-07 15:24:09,643 - INFO - Completed audios: 142
2025-07-07 15:24:09,643 - INFO - ------------------------------------------
2025-07-07 15:24:09,643 - INFO - ------------------------------------------
2025-07-07 15:24:09,643 - INFO - Processing adrso274, cn
2025-07-07 15:24:25,827 - INFO - ------------------------------------------
2025-07-07 15:24:25,827 - INFO - CORRECTLY PROCESSED ALL AUDIOS
2025-07-07 15:24:25,827 - INFO - Completed audios: 143
2025-07-07 15:24:25,827 - INFO - ------------------------------------------
2025-07-07 15:24:25,827 - INFO - ------------------------------------------
2025-07-07 15:24:25,828 - INFO - Processing adrso276, cn
2025-07-07 15:24:45,614 - INFO - ------------------------------------------
2025-07-07 15:24:45,615 - INFO - CORRECTLY PROCESSED ALL AUDIOS
2025-07-07 15:24:45,615 - INFO - Completed audios: 144
2025-07-07 15:24:45,615 - INFO - ------------------------------------------
2025-07-07 15:24:45,615 - INFO - ------------------------------------------
2025-07-07 15:24:45,616 - INFO - Processing adrso277, cn
2025-07-07 15:24:52,595 - INFO - ------------------------------------------
2025-07-07 15:24:52,595 - INFO - CORRECTLY PROCESSED ALL AUDIOS
2025-07-07 15:24:52,595 - INFO - Completed audios: 145
2025-07-07 15:24:52,596 - INFO - ------------------------------------------
2025-07-07 15:24:52,596 - INFO - ------------------------------------------
2025-07-07 15:24:52,596 - INFO - Processing adrso278, cn
2025-07-07 15:24:54,520 - INFO - ------------------------------------------
2025-07-07 15:24:54,520 - INFO - CORRECTLY PROCESSED ALL AUDIOS
2025-07-07 15:24:54,521 - INFO - Completed audios: 146
2025-07-07 15:24:54,521 - INFO - ------------------------------------------
2025-07-07 15:24:54,521 - INFO - ------------------------------------------
2025-07-07 15:24:54,521 - INFO - Processing adrso280, cn
2025-07-07 15:25:04,364 - INFO - ------------------------------------------
2025-07-07 15:25:04,365 - INFO - CORRECTLY PROCESSED ALL AUDIOS
2025-07-07 15:25:04,365 - INFO - Completed audios: 147
2025-07-07 15:25:04,365 - INFO - ------------------------------------------
2025-07-07 15:25:04,365 - INFO - ------------------------------------------
2025-07-07 15:25:04,366 - INFO - Processing adrso281, cn
2025-07-07 15:25:11,629 - INFO - ------------------------------------------
2025-07-07 15:25:11,629 - INFO - CORRECTLY PROCESSED ALL AUDIOS
2025-07-07 15:25:11,629 - INFO - Completed audios: 148
2025-07-07 15:25:11,629 - INFO - ------------------------------------------
2025-07-07 15:25:11,629 - INFO - ------------------------------------------
2025-07-07 15:25:11,630 - INFO - Processing adrso283, cn
2025-07-07 15:25:19,579 - INFO - ------------------------------------------
2025-07-07 15:25:19,580 - INFO - CORRECTLY PROCESSED ALL AUDIOS
2025-07-07 15:25:19,580 - INFO - Completed audios: 149
2025-07-07 15:25:19,580 - INFO - ------------------------------------------
2025-07-07 15:25:19,580 - INFO - ------------------------------------------
2025-07-07 15:25:19,581 - INFO - Processing adrso285, cn
2025-07-07 15:25:23,962 - INFO - ------------------------------------------
2025-07-07 15:25:23,962 - INFO - CORRECTLY PROCESSED ALL AUDIOS
2025-07-07 15:25:23,962 - INFO - Completed audios: 150
2025-07-07 15:25:23,962 - INFO - ------------------------------------------
2025-07-07 15:25:23,963 - INFO - ------------------------------------------
2025-07-07 15:25:23,963 - INFO - Processing adrso286, cn
2025-07-07 15:25:28,761 - INFO - ------------------------------------------
2025-07-07 15:25:28,761 - INFO - CORRECTLY PROCESSED ALL AUDIOS
2025-07-07 15:25:28,761 - INFO - Completed audios: 151
2025-07-07 15:25:28,762 - INFO - ------------------------------------------
2025-07-07 15:25:28,762 - INFO - ------------------------------------------
2025-07-07 15:25:28,762 - INFO - Processing adrso289, cn
2025-07-07 15:25:35,467 - INFO - ------------------------------------------
2025-07-07 15:25:35,467 - INFO - CORRECTLY PROCESSED ALL AUDIOS
2025-07-07 15:25:35,468 - INFO - Completed audios: 152
2025-07-07 15:25:35,468 - INFO - ------------------------------------------
2025-07-07 15:25:35,468 - INFO - ------------------------------------------
2025-07-07 15:25:35,468 - INFO - Processing adrso291, cn
2025-07-07 15:25:43,438 - INFO - ------------------------------------------
2025-07-07 15:25:43,438 - INFO - CORRECTLY PROCESSED ALL AUDIOS
2025-07-07 15:25:43,438 - INFO - Completed audios: 153
2025-07-07 15:25:43,439 - INFO - ------------------------------------------
2025-07-07 15:25:43,439 - INFO - ------------------------------------------
2025-07-07 15:25:43,439 - INFO - Processing adrso292, cn
2025-07-07 15:25:46,959 - INFO - ------------------------------------------
2025-07-07 15:25:46,960 - INFO - CORRECTLY PROCESSED ALL AUDIOS
2025-07-07 15:25:46,960 - INFO - Completed audios: 154
2025-07-07 15:25:46,960 - INFO - ------------------------------------------
2025-07-07 15:25:46,960 - INFO - ------------------------------------------
2025-07-07 15:25:46,960 - INFO - Processing adrso296, cn
2025-07-07 15:25:59,715 - INFO - ------------------------------------------
2025-07-07 15:25:59,716 - INFO - CORRECTLY PROCESSED ALL AUDIOS
2025-07-07 15:25:59,716 - INFO - Completed audios: 155
2025-07-07 15:25:59,716 - INFO - ------------------------------------------
2025-07-07 15:25:59,716 - INFO - ------------------------------------------
2025-07-07 15:25:59,716 - INFO - Processing adrso298, cn
2025-07-07 15:26:06,801 - INFO - ------------------------------------------
2025-07-07 15:26:06,802 - INFO - CORRECTLY PROCESSED ALL AUDIOS
2025-07-07 15:26:06,802 - INFO - Completed audios: 156
2025-07-07 15:26:06,802 - INFO - ------------------------------------------
2025-07-07 15:26:06,802 - INFO - ------------------------------------------
2025-07-07 15:26:06,803 - INFO - Processing adrso299, cn
2025-07-07 15:26:13,722 - INFO - ------------------------------------------
2025-07-07 15:26:13,722 - INFO - CORRECTLY PROCESSED ALL AUDIOS
2025-07-07 15:26:13,723 - INFO - Completed audios: 157
2025-07-07 15:26:13,723 - INFO - ------------------------------------------
2025-07-07 15:26:13,723 - INFO - ------------------------------------------
2025-07-07 15:26:13,723 - INFO - Processing adrso300, cn
2025-07-07 15:26:16,747 - INFO - ------------------------------------------
2025-07-07 15:26:16,748 - INFO - CORRECTLY PROCESSED ALL AUDIOS
2025-07-07 15:26:16,748 - INFO - Completed audios: 158
2025-07-07 15:26:16,748 - INFO - ------------------------------------------
2025-07-07 15:26:16,748 - INFO - ------------------------------------------
2025-07-07 15:26:16,748 - INFO - Processing adrso302, cn
2025-07-07 15:26:26,213 - INFO - ------------------------------------------
2025-07-07 15:26:26,213 - INFO - CORRECTLY PROCESSED ALL AUDIOS
2025-07-07 15:26:26,214 - INFO - Completed audios: 159
2025-07-07 15:26:26,214 - INFO - ------------------------------------------
2025-07-07 15:26:26,214 - INFO - ------------------------------------------
2025-07-07 15:26:26,214 - INFO - Processing adrso307, cn
2025-07-07 15:26:32,318 - INFO - ------------------------------------------
2025-07-07 15:26:32,318 - INFO - CORRECTLY PROCESSED ALL AUDIOS
2025-07-07 15:26:32,318 - INFO - Completed audios: 160
2025-07-07 15:26:32,318 - INFO - ------------------------------------------
2025-07-07 15:26:32,318 - INFO - ------------------------------------------
2025-07-07 15:26:32,319 - INFO - Processing adrso308, cn
2025-07-07 15:26:40,169 - INFO - ------------------------------------------
2025-07-07 15:26:40,169 - INFO - CORRECTLY PROCESSED ALL AUDIOS
2025-07-07 15:26:40,169 - INFO - Completed audios: 161
2025-07-07 15:26:40,170 - INFO - ------------------------------------------
2025-07-07 15:26:40,170 - INFO - ------------------------------------------
2025-07-07 15:26:40,170 - INFO - Processing adrso309, cn
2025-07-07 15:26:45,214 - INFO - ------------------------------------------
2025-07-07 15:26:45,215 - INFO - CORRECTLY PROCESSED ALL AUDIOS
2025-07-07 15:26:45,215 - INFO - Completed audios: 162
2025-07-07 15:26:45,215 - INFO - ------------------------------------------
2025-07-07 15:26:45,215 - INFO - ------------------------------------------
2025-07-07 15:26:45,215 - INFO - Processing adrso310, cn
2025-07-07 15:26:50,149 - INFO - ------------------------------------------
2025-07-07 15:26:50,150 - INFO - CORRECTLY PROCESSED ALL AUDIOS
2025-07-07 15:26:50,150 - INFO - Completed audios: 163
2025-07-07 15:26:50,150 - INFO - ------------------------------------------
2025-07-07 15:26:50,150 - INFO - ------------------------------------------
2025-07-07 15:26:50,150 - INFO - Processing adrso312, cn
2025-07-07 15:26:57,411 - INFO - ------------------------------------------
2025-07-07 15:26:57,412 - INFO - CORRECTLY PROCESSED ALL AUDIOS
2025-07-07 15:26:57,412 - INFO - Completed audios: 164
2025-07-07 15:26:57,412 - INFO - ------------------------------------------
2025-07-07 15:26:57,412 - INFO - ------------------------------------------
2025-07-07 15:26:57,412 - INFO - Processing adrso315, cn
2025-07-07 15:27:03,536 - INFO - ------------------------------------------
2025-07-07 15:27:03,537 - INFO - CORRECTLY PROCESSED ALL AUDIOS
2025-07-07 15:27:03,537 - INFO - Completed audios: 165
2025-07-07 15:27:03,537 - INFO - ------------------------------------------
2025-07-07 15:27:03,537 - INFO - ------------------------------------------
2025-07-07 15:27:03,537 - INFO - Processing adrso316, cn
2025-07-07 15:27:09,395 - INFO - ------------------------------------------
2025-07-07 15:27:09,395 - INFO - CORRECTLY PROCESSED ALL AUDIOS
2025-07-07 15:27:09,395 - INFO - Completed audios: 166
2025-07-07 15:27:09,396 - INFO - Preprocessing completed successfully!
