2025-08-27 15:03:49,761 - INFO - Loading silence features (noise-free)...
2025-08-27 15:07:10,355 - INFO - Loading silence features (noise-free)...
2025-08-27 15:07:17,231 - INFO - Loaded 282 silence features: 190 AD, 92 CN
2025-08-27 15:07:17,785 - INFO - Loading noise-augmented silence features...
2025-08-27 15:07:24,867 - INFO - Loaded 282 noise-augmented features: 190 AD, 92 CN
2025-08-27 15:07:25,445 - INFO - Starting silence features t-SNE comparison analysis...
2025-08-27 15:07:25,445 - INFO - Creating t-SNE comparison visualizations...
2025-08-27 15:07:25,445 - INFO - Performing t-SNE analysis with 2 components and perplexity 30...
2025-08-27 15:20:24,222 - INFO - Loading silence features (noise-free)...
2025-08-27 15:20:25,550 - INFO - Loaded 282 silence features: 190 AD, 92 CN
2025-08-27 15:20:25,854 - INFO - Loading noise-augmented silence features...
2025-08-27 15:20:27,844 - INFO - Loaded 282 noise-augmented features: 190 AD, 92 CN
2025-08-27 15:20:28,285 - INFO - Starting silence features t-SNE comparison analysis...
2025-08-27 15:20:28,285 - INFO - Creating t-SNE comparison visualizations...
2025-08-27 15:20:28,285 - INFO - Performing t-SNE analysis with 2 components and perplexity 30...
2025-08-27 15:24:19,450 - INFO - Loading silence features (noise-free)...
2025-08-27 15:24:20,887 - INFO - Loaded 282 silence features: 190 AD, 92 CN
2025-08-27 15:24:21,316 - INFO - Loading noise-augmented silence features...
2025-08-27 15:24:22,951 - INFO - Loaded 282 noise-augmented features: 190 AD, 92 CN
2025-08-27 15:24:23,451 - INFO - Performing t-SNE analysis with 2 components and perplexity 15...
2025-08-27 15:24:23,451 - INFO - Original data: 282 samples, 1344000 features
2025-08-27 15:24:44,274 - INFO - Applied PCA: reduced to 50 dimensions
2025-08-27 15:25:48,950 - INFO - Loading silence features (noise-free)...
2025-08-27 15:25:50,109 - INFO - Loaded 282 silence features: 190 AD, 92 CN
2025-08-27 15:25:50,407 - INFO - Loading noise-augmented silence features...
2025-08-27 15:25:51,209 - INFO - Loaded 282 noise-augmented features: 190 AD, 92 CN
2025-08-27 15:25:51,576 - INFO - Performing t-SNE analysis with 2 components and perplexity 15...
2025-08-27 15:25:51,577 - INFO - Original data: 282 samples, 1344000 features
2025-08-27 15:26:12,551 - INFO - Applied PCA: reduced to 50 dimensions
2025-08-27 15:26:13,808 - INFO - Performing t-SNE analysis with 2 components and perplexity 15...
2025-08-27 15:26:13,809 - INFO - Original data: 282 samples, 1344000 features
2025-08-27 15:26:36,998 - INFO - Applied PCA: reduced to 50 dimensions
2025-08-27 15:26:48,596 - INFO - Saved t-SNE 2D visualization to plots\silence_features_tsne\tsne_2d_visualization.png
2025-08-27 15:27:10,479 - INFO - Saved t-SNE separation analysis to plots\silence_features_tsne\tsne_separation_analysis.png
2025-08-27 15:27:10,479 - INFO - Silence Features - Silhouette: 0.0435, Distance: 17.0484
2025-08-27 15:27:10,480 - INFO - Noise-Augmented - Silhouette: 0.0428, Distance: 7.4442
